The system is: Linux - 3.13.0-32-generic - x86_64
Compiling the C compiler identification source file "CMakeCCompilerId.c" succeeded.
Compiler: /usr/bin/cc 
Build flags: 
Id flags: 

The output was:
0


Compilation of the C compiler identification source "CMakeCCompilerId.c" produced "a.out"

The C compiler identification is GNU, found in "/home/wangq/Maiter-1/bin/release/CMakeFiles/2.8.12.2/CompilerIdC/a.out"

Compiling the CXX compiler identification source file "CMakeCXXCompilerId.cpp" succeeded.
Compiler: /usr/bin/g++ 
Build flags: 
Id flags: 

The output was:
0


Compilation of the CXX compiler identification source "CMakeCXXCompilerId.cpp" produced "a.out"

The CXX compiler identification is GNU, found in "/home/wangq/Maiter-1/bin/release/CMakeFiles/2.8.12.2/CompilerIdCXX/a.out"

Determining if the C compiler works passed with the following output:
Change Dir: /home/wangq/Maiter-1/bin/release/CMakeFiles/CMakeTmp

Run Build Command:/usr/bin/make "cmTryCompileExec394301487/fast"
make[1]: 正在进入目录 `/home/wangq/Maiter-1/bin/release/CMakeFiles/CMakeTmp'
/usr/bin/make -f CMakeFiles/cmTryCompileExec394301487.dir/build.make CMakeFiles/cmTryCompileExec394301487.dir/build
make[2]: 正在进入目录 `/home/wangq/Maiter-1/bin/release/CMakeFiles/CMakeTmp'
/usr/bin/cmake -E cmake_progress_report /home/wangq/Maiter-1/bin/release/CMakeFiles/CMakeTmp/CMakeFiles 1
Building C object CMakeFiles/cmTryCompileExec394301487.dir/testCCompiler.c.o
/usr/bin/cc    -o CMakeFiles/cmTryCompileExec394301487.dir/testCCompiler.c.o   -c /home/wangq/Maiter-1/bin/release/CMakeFiles/CMakeTmp/testCCompiler.c
Linking C executable cmTryCompileExec394301487
/usr/bin/cmake -E cmake_link_script CMakeFiles/cmTryCompileExec394301487.dir/link.txt --verbose=1
/usr/bin/cc       CMakeFiles/cmTryCompileExec394301487.dir/testCCompiler.c.o  -o cmTryCompileExec394301487 -rdynamic 
make[2]:正在离开目录 `/home/wangq/Maiter-1/bin/release/CMakeFiles/CMakeTmp'
make[1]:正在离开目录 `/home/wangq/Maiter-1/bin/release/CMakeFiles/CMakeTmp'


Detecting C compiler ABI info compiled with the following output:
Change Dir: /home/wangq/Maiter-1/bin/release/CMakeFiles/CMakeTmp

Run Build Command:/usr/bin/make "cmTryCompileExec3029043396/fast"
make[1]: 正在进入目录 `/home/wangq/Maiter-1/bin/release/CMakeFiles/CMakeTmp'
/usr/bin/make -f CMakeFiles/cmTryCompileExec3029043396.dir/build.make CMakeFiles/cmTryCompileExec3029043396.dir/build
make[2]: 正在进入目录 `/home/wangq/Maiter-1/bin/release/CMakeFiles/CMakeTmp'
/usr/bin/cmake -E cmake_progress_report /home/wangq/Maiter-1/bin/release/CMakeFiles/CMakeTmp/CMakeFiles 1
Building C object CMakeFiles/cmTryCompileExec3029043396.dir/CMakeCCompilerABI.c.o
/usr/bin/cc    -o CMakeFiles/cmTryCompileExec3029043396.dir/CMakeCCompilerABI.c.o   -c /usr/share/cmake-2.8/Modules/CMakeCCompilerABI.c
Linking C executable cmTryCompileExec3029043396
/usr/bin/cmake -E cmake_link_script CMakeFiles/cmTryCompileExec3029043396.dir/link.txt --verbose=1
/usr/bin/cc     -v CMakeFiles/cmTryCompileExec3029043396.dir/CMakeCCompilerABI.c.o  -o cmTryCompileExec3029043396 -rdynamic  
Using built-in specs.
COLLECT_GCC=/usr/bin/cc
COLLECT_LTO_WRAPPER=/usr/lib/gcc/x86_64-linux-gnu/4.8/lto-wrapper
Target: x86_64-linux-gnu
Configured with: ../src/configure -v --with-pkgversion='Ubuntu 4.8.4-2ubuntu1~14.04' --with-bugurl=file:///usr/share/doc/gcc-4.8/README.Bugs --enable-languages=c,c++,java,go,d,fortran,objc,obj-c++ --prefix=/usr --program-suffix=-4.8 --enable-shared --enable-linker-build-id --libexecdir=/usr/lib --without-included-gettext --enable-threads=posix --with-gxx-include-dir=/usr/include/c++/4.8 --libdir=/usr/lib --enable-nls --with-sysroot=/ --enable-clocale=gnu --enable-libstdcxx-debug --enable-libstdcxx-time=yes --enable-gnu-unique-object --disable-libmudflap --enable-plugin --with-system-zlib --disable-browser-plugin --enable-java-awt=gtk --enable-gtk-cairo --with-java-home=/usr/lib/jvm/java-1.5.0-gcj-4.8-amd64/jre --enable-java-home --with-jvm-root-dir=/usr/lib/jvm/java-1.5.0-gcj-4.8-amd64 --with-jvm-jar-dir=/usr/lib/jvm-exports/java-1.5.0-gcj-4.8-amd64 --with-arch-directory=amd64 --with-ecj-jar=/usr/share/java/eclipse-ecj.jar --enable-objc-gc --enable-multiarch --disable-werror --with-arch-32=i686 --with-abi=m64 --with-multilib-list=m32,m64,mx32 --with-tune=generic --enable-checking=release --build=x86_64-linux-gnu --host=x86_64-linux-gnu --target=x86_64-linux-gnu
Thread model: posix
gcc version 4.8.4 (Ubuntu 4.8.4-2ubuntu1~14.04) 
COMPILER_PATH=/usr/lib/gcc/x86_64-linux-gnu/4.8/:/usr/lib/gcc/x86_64-linux-gnu/4.8/:/usr/lib/gcc/x86_64-linux-gnu/:/usr/lib/gcc/x86_64-linux-gnu/4.8/:/usr/lib/gcc/x86_64-linux-gnu/
LIBRARY_PATH=/usr/lib/gcc/x86_64-linux-gnu/4.8/:/usr/lib/gcc/x86_64-linux-gnu/4.8/../../../x86_64-linux-gnu/:/usr/lib/gcc/x86_64-linux-gnu/4.8/../../../../lib/:/lib/x86_64-linux-gnu/:/lib/../lib/:/usr/lib/x86_64-linux-gnu/:/usr/lib/../lib/:/usr/lib/gcc/x86_64-linux-gnu/4.8/../../../:/lib/:/usr/lib/
COLLECT_GCC_OPTIONS='-v' '-o' 'cmTryCompileExec3029043396' '-rdynamic' '-mtune=generic' '-march=x86-64'
 /usr/lib/gcc/x86_64-linux-gnu/4.8/collect2 --sysroot=/ --build-id --eh-frame-hdr -m elf_x86_64 --hash-style=gnu --as-needed -export-dynamic -dynamic-linker /lib64/ld-linux-x86-64.so.2 -z relro -o cmTryCompileExec3029043396 /usr/lib/gcc/x86_64-linux-gnu/4.8/../../../x86_64-linux-gnu/crt1.o /usr/lib/gcc/x86_64-linux-gnu/4.8/../../../x86_64-linux-gnu/crti.o /usr/lib/gcc/x86_64-linux-gnu/4.8/crtbegin.o -L/usr/lib/gcc/x86_64-linux-gnu/4.8 -L/usr/lib/gcc/x86_64-linux-gnu/4.8/../../../x86_64-linux-gnu -L/usr/lib/gcc/x86_64-linux-gnu/4.8/../../../../lib -L/lib/x86_64-linux-gnu -L/lib/../lib -L/usr/lib/x86_64-linux-gnu -L/usr/lib/../lib -L/usr/lib/gcc/x86_64-linux-gnu/4.8/../../.. CMakeFiles/cmTryCompileExec3029043396.dir/CMakeCCompilerABI.c.o -lgcc --as-needed -lgcc_s --no-as-needed -lc -lgcc --as-needed -lgcc_s --no-as-needed /usr/lib/gcc/x86_64-linux-gnu/4.8/crtend.o /usr/lib/gcc/x86_64-linux-gnu/4.8/../../../x86_64-linux-gnu/crtn.o
make[2]:正在离开目录 `/home/wangq/Maiter-1/bin/release/CMakeFiles/CMakeTmp'
make[1]:正在离开目录 `/home/wangq/Maiter-1/bin/release/CMakeFiles/CMakeTmp'


Parsed C implicit link information from above output:
  link line regex: [^( *|.*[/\])(ld|([^/\]+-)?ld|collect2)[^/\]*( |$)]
  ignore line: [Change Dir: /home/wangq/Maiter-1/bin/release/CMakeFiles/CMakeTmp]
  ignore line: []
  ignore line: [Run Build Command:/usr/bin/make "cmTryCompileExec3029043396/fast"]
  ignore line: [make[1]: 正在进入目录 `/home/wangq/Maiter-1/bin/release/CMakeFiles/CMakeTmp']
  ignore line: [/usr/bin/make -f CMakeFiles/cmTryCompileExec3029043396.dir/build.make CMakeFiles/cmTryCompileExec3029043396.dir/build]
  ignore line: [make[2]: 正在进入目录 `/home/wangq/Maiter-1/bin/release/CMakeFiles/CMakeTmp']
  ignore line: [/usr/bin/cmake -E cmake_progress_report /home/wangq/Maiter-1/bin/release/CMakeFiles/CMakeTmp/CMakeFiles 1]
  ignore line: [Building C object CMakeFiles/cmTryCompileExec3029043396.dir/CMakeCCompilerABI.c.o]
  ignore line: [/usr/bin/cc    -o CMakeFiles/cmTryCompileExec3029043396.dir/CMakeCCompilerABI.c.o   -c /usr/share/cmake-2.8/Modules/CMakeCCompilerABI.c]
  ignore line: [Linking C executable cmTryCompileExec3029043396]
  ignore line: [/usr/bin/cmake -E cmake_link_script CMakeFiles/cmTryCompileExec3029043396.dir/link.txt --verbose=1]
  ignore line: [/usr/bin/cc     -v CMakeFiles/cmTryCompileExec3029043396.dir/CMakeCCompilerABI.c.o  -o cmTryCompileExec3029043396 -rdynamic  ]
  ignore line: [Using built-in specs.]
  ignore line: [COLLECT_GCC=/usr/bin/cc]
  ignore line: [COLLECT_LTO_WRAPPER=/usr/lib/gcc/x86_64-linux-gnu/4.8/lto-wrapper]
  ignore line: [Target: x86_64-linux-gnu]
  ignore line: [Configured with: ../src/configure -v --with-pkgversion='Ubuntu 4.8.4-2ubuntu1~14.04' --with-bugurl=file:///usr/share/doc/gcc-4.8/README.Bugs --enable-languages=c,c++,java,go,d,fortran,objc,obj-c++ --prefix=/usr --program-suffix=-4.8 --enable-shared --enable-linker-build-id --libexecdir=/usr/lib --without-included-gettext --enable-threads=posix --with-gxx-include-dir=/usr/include/c++/4.8 --libdir=/usr/lib --enable-nls --with-sysroot=/ --enable-clocale=gnu --enable-libstdcxx-debug --enable-libstdcxx-time=yes --enable-gnu-unique-object --disable-libmudflap --enable-plugin --with-system-zlib --disable-browser-plugin --enable-java-awt=gtk --enable-gtk-cairo --with-java-home=/usr/lib/jvm/java-1.5.0-gcj-4.8-amd64/jre --enable-java-home --with-jvm-root-dir=/usr/lib/jvm/java-1.5.0-gcj-4.8-amd64 --with-jvm-jar-dir=/usr/lib/jvm-exports/java-1.5.0-gcj-4.8-amd64 --with-arch-directory=amd64 --with-ecj-jar=/usr/share/java/eclipse-ecj.jar --enable-objc-gc --enable-multiarch --disable-werror --with-arch-32=i686 --with-abi=m64 --with-multilib-list=m32,m64,mx32 --with-tune=generic --enable-checking=release --build=x86_64-linux-gnu --host=x86_64-linux-gnu --target=x86_64-linux-gnu]
  ignore line: [Thread model: posix]
  ignore line: [gcc version 4.8.4 (Ubuntu 4.8.4-2ubuntu1~14.04) ]
  ignore line: [COMPILER_PATH=/usr/lib/gcc/x86_64-linux-gnu/4.8/:/usr/lib/gcc/x86_64-linux-gnu/4.8/:/usr/lib/gcc/x86_64-linux-gnu/:/usr/lib/gcc/x86_64-linux-gnu/4.8/:/usr/lib/gcc/x86_64-linux-gnu/]
  ignore line: [LIBRARY_PATH=/usr/lib/gcc/x86_64-linux-gnu/4.8/:/usr/lib/gcc/x86_64-linux-gnu/4.8/../../../x86_64-linux-gnu/:/usr/lib/gcc/x86_64-linux-gnu/4.8/../../../../lib/:/lib/x86_64-linux-gnu/:/lib/../lib/:/usr/lib/x86_64-linux-gnu/:/usr/lib/../lib/:/usr/lib/gcc/x86_64-linux-gnu/4.8/../../../:/lib/:/usr/lib/]
  ignore line: [COLLECT_GCC_OPTIONS='-v' '-o' 'cmTryCompileExec3029043396' '-rdynamic' '-mtune=generic' '-march=x86-64']
  link line: [ /usr/lib/gcc/x86_64-linux-gnu/4.8/collect2 --sysroot=/ --build-id --eh-frame-hdr -m elf_x86_64 --hash-style=gnu --as-needed -export-dynamic -dynamic-linker /lib64/ld-linux-x86-64.so.2 -z relro -o cmTryCompileExec3029043396 /usr/lib/gcc/x86_64-linux-gnu/4.8/../../../x86_64-linux-gnu/crt1.o /usr/lib/gcc/x86_64-linux-gnu/4.8/../../../x86_64-linux-gnu/crti.o /usr/lib/gcc/x86_64-linux-gnu/4.8/crtbegin.o -L/usr/lib/gcc/x86_64-linux-gnu/4.8 -L/usr/lib/gcc/x86_64-linux-gnu/4.8/../../../x86_64-linux-gnu -L/usr/lib/gcc/x86_64-linux-gnu/4.8/../../../../lib -L/lib/x86_64-linux-gnu -L/lib/../lib -L/usr/lib/x86_64-linux-gnu -L/usr/lib/../lib -L/usr/lib/gcc/x86_64-linux-gnu/4.8/../../.. CMakeFiles/cmTryCompileExec3029043396.dir/CMakeCCompilerABI.c.o -lgcc --as-needed -lgcc_s --no-as-needed -lc -lgcc --as-needed -lgcc_s --no-as-needed /usr/lib/gcc/x86_64-linux-gnu/4.8/crtend.o /usr/lib/gcc/x86_64-linux-gnu/4.8/../../../x86_64-linux-gnu/crtn.o]
    arg [/usr/lib/gcc/x86_64-linux-gnu/4.8/collect2] ==> ignore
    arg [--sysroot=/] ==> ignore
    arg [--build-id] ==> ignore
    arg [--eh-frame-hdr] ==> ignore
    arg [-m] ==> ignore
    arg [elf_x86_64] ==> ignore
    arg [--hash-style=gnu] ==> ignore
    arg [--as-needed] ==> ignore
    arg [-export-dynamic] ==> ignore
    arg [-dynamic-linker] ==> ignore
    arg [/lib64/ld-linux-x86-64.so.2] ==> ignore
    arg [-zrelro] ==> ignore
    arg [-o] ==> ignore
    arg [cmTryCompileExec3029043396] ==> ignore
    arg [/usr/lib/gcc/x86_64-linux-gnu/4.8/../../../x86_64-linux-gnu/crt1.o] ==> ignore
    arg [/usr/lib/gcc/x86_64-linux-gnu/4.8/../../../x86_64-linux-gnu/crti.o] ==> ignore
    arg [/usr/lib/gcc/x86_64-linux-gnu/4.8/crtbegin.o] ==> ignore
    arg [-L/usr/lib/gcc/x86_64-linux-gnu/4.8] ==> dir [/usr/lib/gcc/x86_64-linux-gnu/4.8]
    arg [-L/usr/lib/gcc/x86_64-linux-gnu/4.8/../../../x86_64-linux-gnu] ==> dir [/usr/lib/gcc/x86_64-linux-gnu/4.8/../../../x86_64-linux-gnu]
    arg [-L/usr/lib/gcc/x86_64-linux-gnu/4.8/../../../../lib] ==> dir [/usr/lib/gcc/x86_64-linux-gnu/4.8/../../../../lib]
    arg [-L/lib/x86_64-linux-gnu] ==> dir [/lib/x86_64-linux-gnu]
    arg [-L/lib/../lib] ==> dir [/lib/../lib]
    arg [-L/usr/lib/x86_64-linux-gnu] ==> dir [/usr/lib/x86_64-linux-gnu]
    arg [-L/usr/lib/../lib] ==> dir [/usr/lib/../lib]
    arg [-L/usr/lib/gcc/x86_64-linux-gnu/4.8/../../..] ==> dir [/usr/lib/gcc/x86_64-linux-gnu/4.8/../../..]
    arg [CMakeFiles/cmTryCompileExec3029043396.dir/CMakeCCompilerABI.c.o] ==> ignore
    arg [-lgcc] ==> lib [gcc]
    arg [--as-needed] ==> ignore
    arg [-lgcc_s] ==> lib [gcc_s]
    arg [--no-as-needed] ==> ignore
    arg [-lc] ==> lib [c]
    arg [-lgcc] ==> lib [gcc]
    arg [--as-needed] ==> ignore
    arg [-lgcc_s] ==> lib [gcc_s]
    arg [--no-as-needed] ==> ignore
    arg [/usr/lib/gcc/x86_64-linux-gnu/4.8/crtend.o] ==> ignore
    arg [/usr/lib/gcc/x86_64-linux-gnu/4.8/../../../x86_64-linux-gnu/crtn.o] ==> ignore
  remove lib [gcc]
  remove lib [gcc_s]
  remove lib [gcc]
  remove lib [gcc_s]
  collapse library dir [/usr/lib/gcc/x86_64-linux-gnu/4.8] ==> [/usr/lib/gcc/x86_64-linux-gnu/4.8]
  collapse library dir [/usr/lib/gcc/x86_64-linux-gnu/4.8/../../../x86_64-linux-gnu] ==> [/usr/lib/x86_64-linux-gnu]
  collapse library dir [/usr/lib/gcc/x86_64-linux-gnu/4.8/../../../../lib] ==> [/usr/lib]
  collapse library dir [/lib/x86_64-linux-gnu] ==> [/lib/x86_64-linux-gnu]
  collapse library dir [/lib/../lib] ==> [/lib]
  collapse library dir [/usr/lib/x86_64-linux-gnu] ==> [/usr/lib/x86_64-linux-gnu]
  collapse library dir [/usr/lib/../lib] ==> [/usr/lib]
  collapse library dir [/usr/lib/gcc/x86_64-linux-gnu/4.8/../../..] ==> [/usr/lib]
  implicit libs: [c]
  implicit dirs: [/usr/lib/gcc/x86_64-linux-gnu/4.8;/usr/lib/x86_64-linux-gnu;/usr/lib;/lib/x86_64-linux-gnu;/lib]
  implicit fwks: []


Determining if the CXX compiler works passed with the following output:
Change Dir: /home/wangq/Maiter-1/bin/release/CMakeFiles/CMakeTmp

Run Build Command:/usr/bin/make "cmTryCompileExec3498012597/fast"
make[1]: 正在进入目录 `/home/wangq/Maiter-1/bin/release/CMakeFiles/CMakeTmp'
/usr/bin/make -f CMakeFiles/cmTryCompileExec3498012597.dir/build.make CMakeFiles/cmTryCompileExec3498012597.dir/build
make[2]: 正在进入目录 `/home/wangq/Maiter-1/bin/release/CMakeFiles/CMakeTmp'
/usr/bin/cmake -E cmake_progress_report /home/wangq/Maiter-1/bin/release/CMakeFiles/CMakeTmp/CMakeFiles 1
Building CXX object CMakeFiles/cmTryCompileExec3498012597.dir/testCXXCompiler.cxx.o
/usr/bin/g++     -o CMakeFiles/cmTryCompileExec3498012597.dir/testCXXCompiler.cxx.o -c /home/wangq/Maiter-1/bin/release/CMakeFiles/CMakeTmp/testCXXCompiler.cxx
Linking CXX executable cmTryCompileExec3498012597
/usr/bin/cmake -E cmake_link_script CMakeFiles/cmTryCompileExec3498012597.dir/link.txt --verbose=1
/usr/bin/g++        CMakeFiles/cmTryCompileExec3498012597.dir/testCXXCompiler.cxx.o  -o cmTryCompileExec3498012597 -rdynamic 
make[2]:正在离开目录 `/home/wangq/Maiter-1/bin/release/CMakeFiles/CMakeTmp'
make[1]:正在离开目录 `/home/wangq/Maiter-1/bin/release/CMakeFiles/CMakeTmp'


Detecting CXX compiler ABI info compiled with the following output:
Change Dir: /home/wangq/Maiter-1/bin/release/CMakeFiles/CMakeTmp

Run Build Command:/usr/bin/make "cmTryCompileExec3079980506/fast"
make[1]: 正在进入目录 `/home/wangq/Maiter-1/bin/release/CMakeFiles/CMakeTmp'
/usr/bin/make -f CMakeFiles/cmTryCompileExec3079980506.dir/build.make CMakeFiles/cmTryCompileExec3079980506.dir/build
make[2]: 正在进入目录 `/home/wangq/Maiter-1/bin/release/CMakeFiles/CMakeTmp'
/usr/bin/cmake -E cmake_progress_report /home/wangq/Maiter-1/bin/release/CMakeFiles/CMakeTmp/CMakeFiles 1
Building CXX object CMakeFiles/cmTryCompileExec3079980506.dir/CMakeCXXCompilerABI.cpp.o
/usr/bin/g++     -o CMakeFiles/cmTryCompileExec3079980506.dir/CMakeCXXCompilerABI.cpp.o -c /usr/share/cmake-2.8/Modules/CMakeCXXCompilerABI.cpp
Linking CXX executable cmTryCompileExec3079980506
/usr/bin/cmake -E cmake_link_script CMakeFiles/cmTryCompileExec3079980506.dir/link.txt --verbose=1
/usr/bin/g++      -v CMakeFiles/cmTryCompileExec3079980506.dir/CMakeCXXCompilerABI.cpp.o  -o cmTryCompileExec3079980506 -rdynamic  
Using built-in specs.
COLLECT_GCC=/usr/bin/g++
COLLECT_LTO_WRAPPER=/usr/lib/gcc/x86_64-linux-gnu/4.8/lto-wrapper
Target: x86_64-linux-gnu
Configured with: ../src/configure -v --with-pkgversion='Ubuntu 4.8.4-2ubuntu1~14.04' --with-bugurl=file:///usr/share/doc/gcc-4.8/README.Bugs --enable-languages=c,c++,java,go,d,fortran,objc,obj-c++ --prefix=/usr --program-suffix=-4.8 --enable-shared --enable-linker-build-id --libexecdir=/usr/lib --without-included-gettext --enable-threads=posix --with-gxx-include-dir=/usr/include/c++/4.8 --libdir=/usr/lib --enable-nls --with-sysroot=/ --enable-clocale=gnu --enable-libstdcxx-debug --enable-libstdcxx-time=yes --enable-gnu-unique-object --disable-libmudflap --enable-plugin --with-system-zlib --disable-browser-plugin --enable-java-awt=gtk --enable-gtk-cairo --with-java-home=/usr/lib/jvm/java-1.5.0-gcj-4.8-amd64/jre --enable-java-home --with-jvm-root-dir=/usr/lib/jvm/java-1.5.0-gcj-4.8-amd64 --with-jvm-jar-dir=/usr/lib/jvm-exports/java-1.5.0-gcj-4.8-amd64 --with-arch-directory=amd64 --with-ecj-jar=/usr/share/java/eclipse-ecj.jar --enable-objc-gc --enable-multiarch --disable-werror --with-arch-32=i686 --with-abi=m64 --with-multilib-list=m32,m64,mx32 --with-tune=generic --enable-checking=release --build=x86_64-linux-gnu --host=x86_64-linux-gnu --target=x86_64-linux-gnu
Thread model: posix
gcc version 4.8.4 (Ubuntu 4.8.4-2ubuntu1~14.04) 
COMPILER_PATH=/usr/lib/gcc/x86_64-linux-gnu/4.8/:/usr/lib/gcc/x86_64-linux-gnu/4.8/:/usr/lib/gcc/x86_64-linux-gnu/:/usr/lib/gcc/x86_64-linux-gnu/4.8/:/usr/lib/gcc/x86_64-linux-gnu/
LIBRARY_PATH=/usr/lib/gcc/x86_64-linux-gnu/4.8/:/usr/lib/gcc/x86_64-linux-gnu/4.8/../../../x86_64-linux-gnu/:/usr/lib/gcc/x86_64-linux-gnu/4.8/../../../../lib/:/lib/x86_64-linux-gnu/:/lib/../lib/:/usr/lib/x86_64-linux-gnu/:/usr/lib/../lib/:/usr/lib/gcc/x86_64-linux-gnu/4.8/../../../:/lib/:/usr/lib/
COLLECT_GCC_OPTIONS='-v' '-o' 'cmTryCompileExec3079980506' '-rdynamic' '-shared-libgcc' '-mtune=generic' '-march=x86-64'
 /usr/lib/gcc/x86_64-linux-gnu/4.8/collect2 --sysroot=/ --build-id --eh-frame-hdr -m elf_x86_64 --hash-style=gnu --as-needed -export-dynamic -dynamic-linker /lib64/ld-linux-x86-64.so.2 -z relro -o cmTryCompileExec3079980506 /usr/lib/gcc/x86_64-linux-gnu/4.8/../../../x86_64-linux-gnu/crt1.o /usr/lib/gcc/x86_64-linux-gnu/4.8/../../../x86_64-linux-gnu/crti.o /usr/lib/gcc/x86_64-linux-gnu/4.8/crtbegin.o -L/usr/lib/gcc/x86_64-linux-gnu/4.8 -L/usr/lib/gcc/x86_64-linux-gnu/4.8/../../../x86_64-linux-gnu -L/usr/lib/gcc/x86_64-linux-gnu/4.8/../../../../lib -L/lib/x86_64-linux-gnu -L/lib/../lib -L/usr/lib/x86_64-linux-gnu -L/usr/lib/../lib -L/usr/lib/gcc/x86_64-linux-gnu/4.8/../../.. CMakeFiles/cmTryCompileExec3079980506.dir/CMakeCXXCompilerABI.cpp.o -lstdc++ -lm -lgcc_s -lgcc -lc -lgcc_s -lgcc /usr/lib/gcc/x86_64-linux-gnu/4.8/crtend.o /usr/lib/gcc/x86_64-linux-gnu/4.8/../../../x86_64-linux-gnu/crtn.o
make[2]:正在离开目录 `/home/wangq/Maiter-1/bin/release/CMakeFiles/CMakeTmp'
make[1]:正在离开目录 `/home/wangq/Maiter-1/bin/release/CMakeFiles/CMakeTmp'


Parsed CXX implicit link information from above output:
  link line regex: [^( *|.*[/\])(ld|([^/\]+-)?ld|collect2)[^/\]*( |$)]
  ignore line: [Change Dir: /home/wangq/Maiter-1/bin/release/CMakeFiles/CMakeTmp]
  ignore line: []
  ignore line: [Run Build Command:/usr/bin/make "cmTryCompileExec3079980506/fast"]
  ignore line: [make[1]: 正在进入目录 `/home/wangq/Maiter-1/bin/release/CMakeFiles/CMakeTmp']
  ignore line: [/usr/bin/make -f CMakeFiles/cmTryCompileExec3079980506.dir/build.make CMakeFiles/cmTryCompileExec3079980506.dir/build]
  ignore line: [make[2]: 正在进入目录 `/home/wangq/Maiter-1/bin/release/CMakeFiles/CMakeTmp']
  ignore line: [/usr/bin/cmake -E cmake_progress_report /home/wangq/Maiter-1/bin/release/CMakeFiles/CMakeTmp/CMakeFiles 1]
  ignore line: [Building CXX object CMakeFiles/cmTryCompileExec3079980506.dir/CMakeCXXCompilerABI.cpp.o]
  ignore line: [/usr/bin/g++     -o CMakeFiles/cmTryCompileExec3079980506.dir/CMakeCXXCompilerABI.cpp.o -c /usr/share/cmake-2.8/Modules/CMakeCXXCompilerABI.cpp]
  ignore line: [Linking CXX executable cmTryCompileExec3079980506]
  ignore line: [/usr/bin/cmake -E cmake_link_script CMakeFiles/cmTryCompileExec3079980506.dir/link.txt --verbose=1]
  ignore line: [/usr/bin/g++      -v CMakeFiles/cmTryCompileExec3079980506.dir/CMakeCXXCompilerABI.cpp.o  -o cmTryCompileExec3079980506 -rdynamic  ]
  ignore line: [Using built-in specs.]
  ignore line: [COLLECT_GCC=/usr/bin/g++]
  ignore line: [COLLECT_LTO_WRAPPER=/usr/lib/gcc/x86_64-linux-gnu/4.8/lto-wrapper]
  ignore line: [Target: x86_64-linux-gnu]
  ignore line: [Configured with: ../src/configure -v --with-pkgversion='Ubuntu 4.8.4-2ubuntu1~14.04' --with-bugurl=file:///usr/share/doc/gcc-4.8/README.Bugs --enable-languages=c,c++,java,go,d,fortran,objc,obj-c++ --prefix=/usr --program-suffix=-4.8 --enable-shared --enable-linker-build-id --libexecdir=/usr/lib --without-included-gettext --enable-threads=posix --with-gxx-include-dir=/usr/include/c++/4.8 --libdir=/usr/lib --enable-nls --with-sysroot=/ --enable-clocale=gnu --enable-libstdcxx-debug --enable-libstdcxx-time=yes --enable-gnu-unique-object --disable-libmudflap --enable-plugin --with-system-zlib --disable-browser-plugin --enable-java-awt=gtk --enable-gtk-cairo --with-java-home=/usr/lib/jvm/java-1.5.0-gcj-4.8-amd64/jre --enable-java-home --with-jvm-root-dir=/usr/lib/jvm/java-1.5.0-gcj-4.8-amd64 --with-jvm-jar-dir=/usr/lib/jvm-exports/java-1.5.0-gcj-4.8-amd64 --with-arch-directory=amd64 --with-ecj-jar=/usr/share/java/eclipse-ecj.jar --enable-objc-gc --enable-multiarch --disable-werror --with-arch-32=i686 --with-abi=m64 --with-multilib-list=m32,m64,mx32 --with-tune=generic --enable-checking=release --build=x86_64-linux-gnu --host=x86_64-linux-gnu --target=x86_64-linux-gnu]
  ignore line: [Thread model: posix]
  ignore line: [gcc version 4.8.4 (Ubuntu 4.8.4-2ubuntu1~14.04) ]
  ignore line: [COMPILER_PATH=/usr/lib/gcc/x86_64-linux-gnu/4.8/:/usr/lib/gcc/x86_64-linux-gnu/4.8/:/usr/lib/gcc/x86_64-linux-gnu/:/usr/lib/gcc/x86_64-linux-gnu/4.8/:/usr/lib/gcc/x86_64-linux-gnu/]
  ignore line: [LIBRARY_PATH=/usr/lib/gcc/x86_64-linux-gnu/4.8/:/usr/lib/gcc/x86_64-linux-gnu/4.8/../../../x86_64-linux-gnu/:/usr/lib/gcc/x86_64-linux-gnu/4.8/../../../../lib/:/lib/x86_64-linux-gnu/:/lib/../lib/:/usr/lib/x86_64-linux-gnu/:/usr/lib/../lib/:/usr/lib/gcc/x86_64-linux-gnu/4.8/../../../:/lib/:/usr/lib/]
  ignore line: [COLLECT_GCC_OPTIONS='-v' '-o' 'cmTryCompileExec3079980506' '-rdynamic' '-shared-libgcc' '-mtune=generic' '-march=x86-64']
  link line: [ /usr/lib/gcc/x86_64-linux-gnu/4.8/collect2 --sysroot=/ --build-id --eh-frame-hdr -m elf_x86_64 --hash-style=gnu --as-needed -export-dynamic -dynamic-linker /lib64/ld-linux-x86-64.so.2 -z relro -o cmTryCompileExec3079980506 /usr/lib/gcc/x86_64-linux-gnu/4.8/../../../x86_64-linux-gnu/crt1.o /usr/lib/gcc/x86_64-linux-gnu/4.8/../../../x86_64-linux-gnu/crti.o /usr/lib/gcc/x86_64-linux-gnu/4.8/crtbegin.o -L/usr/lib/gcc/x86_64-linux-gnu/4.8 -L/usr/lib/gcc/x86_64-linux-gnu/4.8/../../../x86_64-linux-gnu -L/usr/lib/gcc/x86_64-linux-gnu/4.8/../../../../lib -L/lib/x86_64-linux-gnu -L/lib/../lib -L/usr/lib/x86_64-linux-gnu -L/usr/lib/../lib -L/usr/lib/gcc/x86_64-linux-gnu/4.8/../../.. CMakeFiles/cmTryCompileExec3079980506.dir/CMakeCXXCompilerABI.cpp.o -lstdc++ -lm -lgcc_s -lgcc -lc -lgcc_s -lgcc /usr/lib/gcc/x86_64-linux-gnu/4.8/crtend.o /usr/lib/gcc/x86_64-linux-gnu/4.8/../../../x86_64-linux-gnu/crtn.o]
    arg [/usr/lib/gcc/x86_64-linux-gnu/4.8/collect2] ==> ignore
    arg [--sysroot=/] ==> ignore
    arg [--build-id] ==> ignore
    arg [--eh-frame-hdr] ==> ignore
    arg [-m] ==> ignore
    arg [elf_x86_64] ==> ignore
    arg [--hash-style=gnu] ==> ignore
    arg [--as-needed] ==> ignore
    arg [-export-dynamic] ==> ignore
    arg [-dynamic-linker] ==> ignore
    arg [/lib64/ld-linux-x86-64.so.2] ==> ignore
    arg [-zrelro] ==> ignore
    arg [-o] ==> ignore
    arg [cmTryCompileExec3079980506] ==> ignore
    arg [/usr/lib/gcc/x86_64-linux-gnu/4.8/../../../x86_64-linux-gnu/crt1.o] ==> ignore
    arg [/usr/lib/gcc/x86_64-linux-gnu/4.8/../../../x86_64-linux-gnu/crti.o] ==> ignore
    arg [/usr/lib/gcc/x86_64-linux-gnu/4.8/crtbegin.o] ==> ignore
    arg [-L/usr/lib/gcc/x86_64-linux-gnu/4.8] ==> dir [/usr/lib/gcc/x86_64-linux-gnu/4.8]
    arg [-L/usr/lib/gcc/x86_64-linux-gnu/4.8/../../../x86_64-linux-gnu] ==> dir [/usr/lib/gcc/x86_64-linux-gnu/4.8/../../../x86_64-linux-gnu]
    arg [-L/usr/lib/gcc/x86_64-linux-gnu/4.8/../../../../lib] ==> dir [/usr/lib/gcc/x86_64-linux-gnu/4.8/../../../../lib]
    arg [-L/lib/x86_64-linux-gnu] ==> dir [/lib/x86_64-linux-gnu]
    arg [-L/lib/../lib] ==> dir [/lib/../lib]
    arg [-L/usr/lib/x86_64-linux-gnu] ==> dir [/usr/lib/x86_64-linux-gnu]
    arg [-L/usr/lib/../lib] ==> dir [/usr/lib/../lib]
    arg [-L/usr/lib/gcc/x86_64-linux-gnu/4.8/../../..] ==> dir [/usr/lib/gcc/x86_64-linux-gnu/4.8/../../..]
    arg [CMakeFiles/cmTryCompileExec3079980506.dir/CMakeCXXCompilerABI.cpp.o] ==> ignore
    arg [-lstdc++] ==> lib [stdc++]
    arg [-lm] ==> lib [m]
    arg [-lgcc_s] ==> lib [gcc_s]
    arg [-lgcc] ==> lib [gcc]
    arg [-lc] ==> lib [c]
    arg [-lgcc_s] ==> lib [gcc_s]
    arg [-lgcc] ==> lib [gcc]
    arg [/usr/lib/gcc/x86_64-linux-gnu/4.8/crtend.o] ==> ignore
    arg [/usr/lib/gcc/x86_64-linux-gnu/4.8/../../../x86_64-linux-gnu/crtn.o] ==> ignore
  remove lib [gcc_s]
  remove lib [gcc]
  remove lib [gcc_s]
  remove lib [gcc]
  collapse library dir [/usr/lib/gcc/x86_64-linux-gnu/4.8] ==> [/usr/lib/gcc/x86_64-linux-gnu/4.8]
  collapse library dir [/usr/lib/gcc/x86_64-linux-gnu/4.8/../../../x86_64-linux-gnu] ==> [/usr/lib/x86_64-linux-gnu]
  collapse library dir [/usr/lib/gcc/x86_64-linux-gnu/4.8/../../../../lib] ==> [/usr/lib]
  collapse library dir [/lib/x86_64-linux-gnu] ==> [/lib/x86_64-linux-gnu]
  collapse library dir [/lib/../lib] ==> [/lib]
  collapse library dir [/usr/lib/x86_64-linux-gnu] ==> [/usr/lib/x86_64-linux-gnu]
  collapse library dir [/usr/lib/../lib] ==> [/usr/lib]
  collapse library dir [/usr/lib/gcc/x86_64-linux-gnu/4.8/../../..] ==> [/usr/lib]
  implicit libs: [stdc++;m;c]
  implicit dirs: [/usr/lib/gcc/x86_64-linux-gnu/4.8;/usr/lib/x86_64-linux-gnu;/usr/lib;/lib/x86_64-linux-gnu;/lib]
  implicit fwks: []


Determining if the include file ucontext.h exists passed with the following output:
Change Dir: /home/wangq/Maiter-1/bin/release/CMakeFiles/CMakeTmp

Run Build Command:/usr/bin/make "cmTryCompileExec4074941801/fast"
make[1]: Entering directory `/home/wangq/Maiter-1/bin/release/CMakeFiles/CMakeTmp'
/usr/bin/make -f CMakeFiles/cmTryCompileExec4074941801.dir/build.make CMakeFiles/cmTryCompileExec4074941801.dir/build
make[2]: Entering directory `/home/wangq/Maiter-1/bin/release/CMakeFiles/CMakeTmp'
/usr/bin/cmake -E cmake_progress_report /home/wangq/Maiter-1/bin/release/CMakeFiles/CMakeTmp/CMakeFiles 1
Building C object CMakeFiles/cmTryCompileExec4074941801.dir/CheckIncludeFile.c.o
/usr/bin/cc    -o CMakeFiles/cmTryCompileExec4074941801.dir/CheckIncludeFile.c.o   -c /home/wangq/Maiter-1/bin/release/CMakeFiles/CMakeTmp/CheckIncludeFile.c
Linking C executable cmTryCompileExec4074941801
/usr/bin/cmake -E cmake_link_script CMakeFiles/cmTryCompileExec4074941801.dir/link.txt --verbose=1
/usr/bin/cc       CMakeFiles/cmTryCompileExec4074941801.dir/CheckIncludeFile.c.o  -o cmTryCompileExec4074941801 -rdynamic 
make[2]: Leaving directory `/home/wangq/Maiter-1/bin/release/CMakeFiles/CMakeTmp'
make[1]: Leaving directory `/home/wangq/Maiter-1/bin/release/CMakeFiles/CMakeTmp'


Determining if the include file sys/ucontext.h exists passed with the following output:
Change Dir: /home/wangq/Maiter-1/bin/release/CMakeFiles/CMakeTmp

Run Build Command:/usr/bin/make "cmTryCompileExec3261118836/fast"
make[1]: Entering directory `/home/wangq/Maiter-1/bin/release/CMakeFiles/CMakeTmp'
/usr/bin/make -f CMakeFiles/cmTryCompileExec3261118836.dir/build.make CMakeFiles/cmTryCompileExec3261118836.dir/build
make[2]: Entering directory `/home/wangq/Maiter-1/bin/release/CMakeFiles/CMakeTmp'
/usr/bin/cmake -E cmake_progress_report /home/wangq/Maiter-1/bin/release/CMakeFiles/CMakeTmp/CMakeFiles 1
Building C object CMakeFiles/cmTryCompileExec3261118836.dir/CheckIncludeFile.c.o
/usr/bin/cc    -o CMakeFiles/cmTryCompileExec3261118836.dir/CheckIncludeFile.c.o   -c /home/wangq/Maiter-1/bin/release/CMakeFiles/CMakeTmp/CheckIncludeFile.c
Linking C executable cmTryCompileExec3261118836
/usr/bin/cmake -E cmake_link_script CMakeFiles/cmTryCompileExec3261118836.dir/link.txt --verbose=1
/usr/bin/cc       CMakeFiles/cmTryCompileExec3261118836.dir/CheckIncludeFile.c.o  -o cmTryCompileExec3261118836 -rdynamic 
make[2]: Leaving directory `/home/wangq/Maiter-1/bin/release/CMakeFiles/CMakeTmp'
make[1]: Leaving directory `/home/wangq/Maiter-1/bin/release/CMakeFiles/CMakeTmp'


Performing C SOURCE FILE Test CompilePCFromUContext succeded with the following output:
Change Dir: /home/wangq/Maiter-1/bin/release/CMakeFiles/CMakeTmp

Run Build Command:/usr/bin/make "cmTryCompileExec670339196/fast"
make[1]: Entering directory `/home/wangq/Maiter-1/bin/release/CMakeFiles/CMakeTmp'
/usr/bin/make -f CMakeFiles/cmTryCompileExec670339196.dir/build.make CMakeFiles/cmTryCompileExec670339196.dir/build
make[2]: Entering directory `/home/wangq/Maiter-1/bin/release/CMakeFiles/CMakeTmp'
/usr/bin/cmake -E cmake_progress_report /home/wangq/Maiter-1/bin/release/CMakeFiles/CMakeTmp/CMakeFiles 1
Building C object CMakeFiles/cmTryCompileExec670339196.dir/src.c.o
/usr/bin/cc   -DCompilePCFromUContext   -o CMakeFiles/cmTryCompileExec670339196.dir/src.c.o   -c /home/wangq/Maiter-1/bin/release/CMakeFiles/CMakeTmp/src.c
Linking C executable cmTryCompileExec670339196
/usr/bin/cmake -E cmake_link_script CMakeFiles/cmTryCompileExec670339196.dir/link.txt --verbose=1
/usr/bin/cc   -DCompilePCFromUContext    CMakeFiles/cmTryCompileExec670339196.dir/src.c.o  -o cmTryCompileExec670339196 -rdynamic 
make[2]: Leaving directory `/home/wangq/Maiter-1/bin/release/CMakeFiles/CMakeTmp'
make[1]: Leaving directory `/home/wangq/Maiter-1/bin/release/CMakeFiles/CMakeTmp'

Source file was:

  #define _GNU_SOURCE 1
  
#include <ucontext.h>
#include <sys/ucontext.h>
  int main(int argc, char** argv) {
    ucontext_t ctx;
    return ctx.uc_mcontext.gregs[REG_RIP] == 0;
  }
Determining if files pthread.h exist passed with the following output:
Change Dir: /home/wangq/Maiter-1/bin/release/CMakeFiles/CMakeTmp

Run Build Command:/usr/bin/make "cmTryCompileExec1806229461/fast"
make[1]: Entering directory `/home/wangq/Maiter-1/bin/release/CMakeFiles/CMakeTmp'
/usr/bin/make -f CMakeFiles/cmTryCompileExec1806229461.dir/build.make CMakeFiles/cmTryCompileExec1806229461.dir/build
make[2]: Entering directory `/home/wangq/Maiter-1/bin/release/CMakeFiles/CMakeTmp'
/usr/bin/cmake -E cmake_progress_report /home/wangq/Maiter-1/bin/release/CMakeFiles/CMakeTmp/CMakeFiles 1
Building C object CMakeFiles/cmTryCompileExec1806229461.dir/CheckIncludeFiles.c.o
/usr/bin/cc    -o CMakeFiles/cmTryCompileExec1806229461.dir/CheckIncludeFiles.c.o   -c /home/wangq/Maiter-1/bin/release/CMakeFiles/CMakeTmp/CheckIncludeFiles.c
Linking C executable cmTryCompileExec1806229461
/usr/bin/cmake -E cmake_link_script CMakeFiles/cmTryCompileExec1806229461.dir/link.txt --verbose=1
/usr/bin/cc       CMakeFiles/cmTryCompileExec1806229461.dir/CheckIncludeFiles.c.o  -o cmTryCompileExec1806229461 -rdynamic 
make[2]: Leaving directory `/home/wangq/Maiter-1/bin/release/CMakeFiles/CMakeTmp'
make[1]: Leaving directory `/home/wangq/Maiter-1/bin/release/CMakeFiles/CMakeTmp'


Determining if the function pthread_create exists in the pthread passed with the following output:
Change Dir: /home/wangq/Maiter-1/bin/release/CMakeFiles/CMakeTmp

Run Build Command:/usr/bin/make "cmTryCompileExec2203778880/fast"
make[1]: Entering directory `/home/wangq/Maiter-1/bin/release/CMakeFiles/CMakeTmp'
/usr/bin/make -f CMakeFiles/cmTryCompileExec2203778880.dir/build.make CMakeFiles/cmTryCompileExec2203778880.dir/build
make[2]: Entering directory `/home/wangq/Maiter-1/bin/release/CMakeFiles/CMakeTmp'
/usr/bin/cmake -E cmake_progress_report /home/wangq/Maiter-1/bin/release/CMakeFiles/CMakeTmp/CMakeFiles 1
Building C object CMakeFiles/cmTryCompileExec2203778880.dir/CheckFunctionExists.c.o
/usr/bin/cc   -DCHECK_FUNCTION_EXISTS=pthread_create   -o CMakeFiles/cmTryCompileExec2203778880.dir/CheckFunctionExists.c.o   -c /usr/share/cmake-2.8/Modules/CheckFunctionExists.c
Linking C executable cmTryCompileExec2203778880
/usr/bin/cmake -E cmake_link_script CMakeFiles/cmTryCompileExec2203778880.dir/link.txt --verbose=1
/usr/bin/cc   -DCHECK_FUNCTION_EXISTS=pthread_create    CMakeFiles/cmTryCompileExec2203778880.dir/CheckFunctionExists.c.o  -o cmTryCompileExec2203778880 -rdynamic -lpthread 
make[2]: Leaving directory `/home/wangq/Maiter-1/bin/release/CMakeFiles/CMakeTmp'
make[1]: Leaving directory `/home/wangq/Maiter-1/bin/release/CMakeFiles/CMakeTmp'


Determining if the include file google/protobuf/descriptor.h exists passed with the following output:
Change Dir: /home/wangq/Maiter-1/bin/release/CMakeFiles/CMakeTmp

Run Build Command:/usr/bin/make "cmTryCompileExec535886147/fast"
make[1]: Entering directory `/home/wangq/Maiter-1/bin/release/CMakeFiles/CMakeTmp'
/usr/bin/make -f CMakeFiles/cmTryCompileExec535886147.dir/build.make CMakeFiles/cmTryCompileExec535886147.dir/build
make[2]: Entering directory `/home/wangq/Maiter-1/bin/release/CMakeFiles/CMakeTmp'
/usr/bin/cmake -E cmake_progress_report /home/wangq/Maiter-1/bin/release/CMakeFiles/CMakeTmp/CMakeFiles 1
Building CXX object CMakeFiles/cmTryCompileExec535886147.dir/CheckIncludeFile.cxx.o
/usr/bin/g++     -o CMakeFiles/cmTryCompileExec535886147.dir/CheckIncludeFile.cxx.o -c /home/wangq/Maiter-1/bin/release/CMakeFiles/CMakeTmp/CheckIncludeFile.cxx
Linking CXX executable cmTryCompileExec535886147
/usr/bin/cmake -E cmake_link_script CMakeFiles/cmTryCompileExec535886147.dir/link.txt --verbose=1
/usr/bin/g++        CMakeFiles/cmTryCompileExec535886147.dir/CheckIncludeFile.cxx.o  -o cmTryCompileExec535886147 -rdynamic 
make[2]: Leaving directory `/home/wangq/Maiter-1/bin/release/CMakeFiles/CMakeTmp'
make[1]: Leaving directory `/home/wangq/Maiter-1/bin/release/CMakeFiles/CMakeTmp'


Determining if the include file lzo/lzo1x.h exists passed with the following output:
Change Dir: /home/wangq/Maiter-1/bin/release/CMakeFiles/CMakeTmp

Run Build Command:/usr/bin/make "cmTryCompileExec2346332101/fast"
make[1]: Entering directory `/home/wangq/Maiter-1/bin/release/CMakeFiles/CMakeTmp'
/usr/bin/make -f CMakeFiles/cmTryCompileExec2346332101.dir/build.make CMakeFiles/cmTryCompileExec2346332101.dir/build
make[2]: Entering directory `/home/wangq/Maiter-1/bin/release/CMakeFiles/CMakeTmp'
/usr/bin/cmake -E cmake_progress_report /home/wangq/Maiter-1/bin/release/CMakeFiles/CMakeTmp/CMakeFiles 1
Building C object CMakeFiles/cmTryCompileExec2346332101.dir/CheckIncludeFile.c.o
/usr/bin/cc    -o CMakeFiles/cmTryCompileExec2346332101.dir/CheckIncludeFile.c.o   -c /home/wangq/Maiter-1/bin/release/CMakeFiles/CMakeTmp/CheckIncludeFile.c
Linking C executable cmTryCompileExec2346332101
/usr/bin/cmake -E cmake_link_script CMakeFiles/cmTryCompileExec2346332101.dir/link.txt --verbose=1
/usr/bin/cc       CMakeFiles/cmTryCompileExec2346332101.dir/CheckIncludeFile.c.o  -o cmTryCompileExec2346332101 -rdynamic 
make[2]: Leaving directory `/home/wangq/Maiter-1/bin/release/CMakeFiles/CMakeTmp'
make[1]: Leaving directory `/home/wangq/Maiter-1/bin/release/CMakeFiles/CMakeTmp'


Determining if the include file /usr/include/libunwind.h exists passed with the following output:
Change Dir: /home/wangq/Maiter-1/bin/release/CMakeFiles/CMakeTmp

Run Build Command:/usr/bin/make "cmTryCompileExec69374849/fast"
make[1]: Entering directory `/home/wangq/Maiter-1/bin/release/CMakeFiles/CMakeTmp'
/usr/bin/make -f CMakeFiles/cmTryCompileExec69374849.dir/build.make CMakeFiles/cmTryCompileExec69374849.dir/build
make[2]: Entering directory `/home/wangq/Maiter-1/bin/release/CMakeFiles/CMakeTmp'
/usr/bin/cmake -E cmake_progress_report /home/wangq/Maiter-1/bin/release/CMakeFiles/CMakeTmp/CMakeFiles 1
Building C object CMakeFiles/cmTryCompileExec69374849.dir/CheckIncludeFile.c.o
/usr/bin/cc    -o CMakeFiles/cmTryCompileExec69374849.dir/CheckIncludeFile.c.o   -c /home/wangq/Maiter-1/bin/release/CMakeFiles/CMakeTmp/CheckIncludeFile.c
Linking C executable cmTryCompileExec69374849
/usr/bin/cmake -E cmake_link_script CMakeFiles/cmTryCompileExec69374849.dir/link.txt --verbose=1
/usr/bin/cc       CMakeFiles/cmTryCompileExec69374849.dir/CheckIncludeFile.c.o  -o cmTryCompileExec69374849 -rdynamic 
make[2]: Leaving directory `/home/wangq/Maiter-1/bin/release/CMakeFiles/CMakeTmp'
make[1]: Leaving directory `/home/wangq/Maiter-1/bin/release/CMakeFiles/CMakeTmp'


Performing C SOURCE FILE Test CompilePCFromUContext succeded with the following output:
Change Dir: /home/wangq/Maiter-1/bin/release/CMakeFiles/CMakeTmp

Run Build Command:/usr/bin/make "cmTryCompileExec1468436793/fast"
make[1]: Entering directory `/home/wangq/Maiter-1/bin/release/CMakeFiles/CMakeTmp'
/usr/bin/make -f CMakeFiles/cmTryCompileExec1468436793.dir/build.make CMakeFiles/cmTryCompileExec1468436793.dir/build
make[2]: Entering directory `/home/wangq/Maiter-1/bin/release/CMakeFiles/CMakeTmp'
/usr/bin/cmake -E cmake_progress_report /home/wangq/Maiter-1/bin/release/CMakeFiles/CMakeTmp/CMakeFiles 1
Building C object CMakeFiles/cmTryCompileExec1468436793.dir/src.c.o
/usr/bin/cc   -DCompilePCFromUContext   -o CMakeFiles/cmTryCompileExec1468436793.dir/src.c.o   -c /home/wangq/Maiter-1/bin/release/CMakeFiles/CMakeTmp/src.c
Linking C executable cmTryCompileExec1468436793
/usr/bin/cmake -E cmake_link_script CMakeFiles/cmTryCompileExec1468436793.dir/link.txt --verbose=1
/usr/bin/cc   -DCompilePCFromUContext    CMakeFiles/cmTryCompileExec1468436793.dir/src.c.o  -o cmTryCompileExec1468436793 -rdynamic 
make[2]: Leaving directory `/home/wangq/Maiter-1/bin/release/CMakeFiles/CMakeTmp'
make[1]: Leaving directory `/home/wangq/Maiter-1/bin/release/CMakeFiles/CMakeTmp'

Source file was:

  #define _GNU_SOURCE 1
  
#include <ucontext.h>
#include <sys/ucontext.h>
  int main(int argc, char** argv) {
    ucontext_t ctx;
    return ctx.uc_mcontext.gregs[REG_RIP] == 0;
  }
Performing C SOURCE FILE Test CompilePCFromUContext succeded with the following output:
Change Dir: /home/wangq/Maiter-1/bin/release/CMakeFiles/CMakeTmp

Run Build Command:/usr/bin/make "cmTryCompileExec4134316436/fast"
make[1]: Entering directory `/home/wangq/Maiter-1/bin/release/CMakeFiles/CMakeTmp'
/usr/bin/make -f CMakeFiles/cmTryCompileExec4134316436.dir/build.make CMakeFiles/cmTryCompileExec4134316436.dir/build
make[2]: Entering directory `/home/wangq/Maiter-1/bin/release/CMakeFiles/CMakeTmp'
/usr/bin/cmake -E cmake_progress_report /home/wangq/Maiter-1/bin/release/CMakeFiles/CMakeTmp/CMakeFiles 1
Building C object CMakeFiles/cmTryCompileExec4134316436.dir/src.c.o
/usr/bin/cc   -DCompilePCFromUContext   -o CMakeFiles/cmTryCompileExec4134316436.dir/src.c.o   -c /home/wangq/Maiter-1/bin/release/CMakeFiles/CMakeTmp/src.c
Linking C executable cmTryCompileExec4134316436
/usr/bin/cmake -E cmake_link_script CMakeFiles/cmTryCompileExec4134316436.dir/link.txt --verbose=1
/usr/bin/cc   -DCompilePCFromUContext    CMakeFiles/cmTryCompileExec4134316436.dir/src.c.o  -o cmTryCompileExec4134316436 -rdynamic 
make[2]: Leaving directory `/home/wangq/Maiter-1/bin/release/CMakeFiles/CMakeTmp'
make[1]: Leaving directory `/home/wangq/Maiter-1/bin/release/CMakeFiles/CMakeTmp'

Source file was:

  #define _GNU_SOURCE 1
  
#include <ucontext.h>
#include <sys/ucontext.h>
  int main(int argc, char** argv) {
    ucontext_t ctx;
    return ctx.uc_mcontext.gregs[REG_RIP] == 0;
  }
Performing C SOURCE FILE Test CompilePCFromUContext succeded with the following output:
Change Dir: /home/wangq/Maiter-1/bin/release/CMakeFiles/CMakeTmp

Run Build Command:/usr/bin/make "cmTryCompileExec3544151316/fast"
make[1]: Entering directory `/home/wangq/Maiter-1/bin/release/CMakeFiles/CMakeTmp'
/usr/bin/make -f CMakeFiles/cmTryCompileExec3544151316.dir/build.make CMakeFiles/cmTryCompileExec3544151316.dir/build
make[2]: Entering directory `/home/wangq/Maiter-1/bin/release/CMakeFiles/CMakeTmp'
/usr/bin/cmake -E cmake_progress_report /home/wangq/Maiter-1/bin/release/CMakeFiles/CMakeTmp/CMakeFiles 1
Building C object CMakeFiles/cmTryCompileExec3544151316.dir/src.c.o
/usr/bin/cc   -DCompilePCFromUContext   -o CMakeFiles/cmTryCompileExec3544151316.dir/src.c.o   -c /home/wangq/Maiter-1/bin/release/CMakeFiles/CMakeTmp/src.c
Linking C executable cmTryCompileExec3544151316
/usr/bin/cmake -E cmake_link_script CMakeFiles/cmTryCompileExec3544151316.dir/link.txt --verbose=1
/usr/bin/cc   -DCompilePCFromUContext    CMakeFiles/cmTryCompileExec3544151316.dir/src.c.o  -o cmTryCompileExec3544151316 -rdynamic 
make[2]: Leaving directory `/home/wangq/Maiter-1/bin/release/CMakeFiles/CMakeTmp'
make[1]: Leaving directory `/home/wangq/Maiter-1/bin/release/CMakeFiles/CMakeTmp'

Source file was:

  #define _GNU_SOURCE 1
  
#include <ucontext.h>
#include <sys/ucontext.h>
  int main(int argc, char** argv) {
    ucontext_t ctx;
    return ctx.uc_mcontext.gregs[REG_RIP] == 0;
  }
Performing C SOURCE FILE Test CompilePCFromUContext succeded with the following output:
Change Dir: /home/wangq/Maiter-1/bin/release/CMakeFiles/CMakeTmp

Run Build Command:/usr/bin/make "cmTryCompileExec3391435706/fast"
make[1]: Entering directory `/home/wangq/Maiter-1/bin/release/CMakeFiles/CMakeTmp'
/usr/bin/make -f CMakeFiles/cmTryCompileExec3391435706.dir/build.make CMakeFiles/cmTryCompileExec3391435706.dir/build
make[2]: Entering directory `/home/wangq/Maiter-1/bin/release/CMakeFiles/CMakeTmp'
/usr/bin/cmake -E cmake_progress_report /home/wangq/Maiter-1/bin/release/CMakeFiles/CMakeTmp/CMakeFiles 1
Building C object CMakeFiles/cmTryCompileExec3391435706.dir/src.c.o
/usr/bin/cc   -DCompilePCFromUContext   -o CMakeFiles/cmTryCompileExec3391435706.dir/src.c.o   -c /home/wangq/Maiter-1/bin/release/CMakeFiles/CMakeTmp/src.c
Linking C executable cmTryCompileExec3391435706
/usr/bin/cmake -E cmake_link_script CMakeFiles/cmTryCompileExec3391435706.dir/link.txt --verbose=1
/usr/bin/cc   -DCompilePCFromUContext    CMakeFiles/cmTryCompileExec3391435706.dir/src.c.o  -o cmTryCompileExec3391435706 -rdynamic 
make[2]: Leaving directory `/home/wangq/Maiter-1/bin/release/CMakeFiles/CMakeTmp'
make[1]: Leaving directory `/home/wangq/Maiter-1/bin/release/CMakeFiles/CMakeTmp'

Source file was:

  #define _GNU_SOURCE 1
  
#include <ucontext.h>
#include <sys/ucontext.h>
  int main(int argc, char** argv) {
    ucontext_t ctx;
    return ctx.uc_mcontext.gregs[REG_RIP] == 0;
  }
Performing C SOURCE FILE Test CompilePCFromUContext succeded with the following output:
Change Dir: /home/wangq/Maiter-1/bin/release/CMakeFiles/CMakeTmp

Run Build Command:/usr/bin/make "cmTryCompileExec2494428671/fast"
make[1]: Entering directory `/home/wangq/Maiter-1/bin/release/CMakeFiles/CMakeTmp'
/usr/bin/make -f CMakeFiles/cmTryCompileExec2494428671.dir/build.make CMakeFiles/cmTryCompileExec2494428671.dir/build
make[2]: Entering directory `/home/wangq/Maiter-1/bin/release/CMakeFiles/CMakeTmp'
/usr/bin/cmake -E cmake_progress_report /home/wangq/Maiter-1/bin/release/CMakeFiles/CMakeTmp/CMakeFiles 1
Building C object CMakeFiles/cmTryCompileExec2494428671.dir/src.c.o
/usr/bin/cc   -DCompilePCFromUContext   -o CMakeFiles/cmTryCompileExec2494428671.dir/src.c.o   -c /home/wangq/Maiter-1/bin/release/CMakeFiles/CMakeTmp/src.c
Linking C executable cmTryCompileExec2494428671
/usr/bin/cmake -E cmake_link_script CMakeFiles/cmTryCompileExec2494428671.dir/link.txt --verbose=1
/usr/bin/cc   -DCompilePCFromUContext    CMakeFiles/cmTryCompileExec2494428671.dir/src.c.o  -o cmTryCompileExec2494428671 -rdynamic 
make[2]: Leaving directory `/home/wangq/Maiter-1/bin/release/CMakeFiles/CMakeTmp'
make[1]: Leaving directory `/home/wangq/Maiter-1/bin/release/CMakeFiles/CMakeTmp'

Source file was:

  #define _GNU_SOURCE 1
  
#include <ucontext.h>
#include <sys/ucontext.h>
  int main(int argc, char** argv) {
    ucontext_t ctx;
    return ctx.uc_mcontext.gregs[REG_RIP] == 0;
  }
Performing C SOURCE FILE Test CompilePCFromUContext succeded with the following output:
Change Dir: /home/wangq/Maiter-1/bin/release/CMakeFiles/CMakeTmp

Run Build Command:/usr/bin/make "cmTryCompileExec244715022/fast"
make[1]: Entering directory `/home/wangq/Maiter-1/bin/release/CMakeFiles/CMakeTmp'
/usr/bin/make -f CMakeFiles/cmTryCompileExec244715022.dir/build.make CMakeFiles/cmTryCompileExec244715022.dir/build
make[2]: Entering directory `/home/wangq/Maiter-1/bin/release/CMakeFiles/CMakeTmp'
/usr/bin/cmake -E cmake_progress_report /home/wangq/Maiter-1/bin/release/CMakeFiles/CMakeTmp/CMakeFiles 1
Building C object CMakeFiles/cmTryCompileExec244715022.dir/src.c.o
/usr/bin/cc   -DCompilePCFromUContext   -o CMakeFiles/cmTryCompileExec244715022.dir/src.c.o   -c /home/wangq/Maiter-1/bin/release/CMakeFiles/CMakeTmp/src.c
Linking C executable cmTryCompileExec244715022
/usr/bin/cmake -E cmake_link_script CMakeFiles/cmTryCompileExec244715022.dir/link.txt --verbose=1
/usr/bin/cc   -DCompilePCFromUContext    CMakeFiles/cmTryCompileExec244715022.dir/src.c.o  -o cmTryCompileExec244715022 -rdynamic 
make[2]: Leaving directory `/home/wangq/Maiter-1/bin/release/CMakeFiles/CMakeTmp'
make[1]: Leaving directory `/home/wangq/Maiter-1/bin/release/CMakeFiles/CMakeTmp'

Source file was:

  #define _GNU_SOURCE 1
  
#include <ucontext.h>
#include <sys/ucontext.h>
  int main(int argc, char** argv) {
    ucontext_t ctx;
    return ctx.uc_mcontext.gregs[REG_RIP] == 0;
  }
Performing C SOURCE FILE Test CompilePCFromUContext succeded with the following output:
Change Dir: /home/wangq/Maiter-1/bin/release/CMakeFiles/CMakeTmp

Run Build Command:/usr/bin/make "cmTryCompileExec3118471545/fast"
make[1]: Entering directory `/home/wangq/Maiter-1/bin/release/CMakeFiles/CMakeTmp'
/usr/bin/make -f CMakeFiles/cmTryCompileExec3118471545.dir/build.make CMakeFiles/cmTryCompileExec3118471545.dir/build
make[2]: Entering directory `/home/wangq/Maiter-1/bin/release/CMakeFiles/CMakeTmp'
/usr/bin/cmake -E cmake_progress_report /home/wangq/Maiter-1/bin/release/CMakeFiles/CMakeTmp/CMakeFiles 1
Building C object CMakeFiles/cmTryCompileExec3118471545.dir/src.c.o
/usr/bin/cc   -DCompilePCFromUContext   -o CMakeFiles/cmTryCompileExec3118471545.dir/src.c.o   -c /home/wangq/Maiter-1/bin/release/CMakeFiles/CMakeTmp/src.c
Linking C executable cmTryCompileExec3118471545
/usr/bin/cmake -E cmake_link_script CMakeFiles/cmTryCompileExec3118471545.dir/link.txt --verbose=1
/usr/bin/cc   -DCompilePCFromUContext    CMakeFiles/cmTryCompileExec3118471545.dir/src.c.o  -o cmTryCompileExec3118471545 -rdynamic 
make[2]: Leaving directory `/home/wangq/Maiter-1/bin/release/CMakeFiles/CMakeTmp'
make[1]: Leaving directory `/home/wangq/Maiter-1/bin/release/CMakeFiles/CMakeTmp'

Source file was:

  #define _GNU_SOURCE 1
  
#include <ucontext.h>
#include <sys/ucontext.h>
  int main(int argc, char** argv) {
    ucontext_t ctx;
    return ctx.uc_mcontext.gregs[REG_RIP] == 0;
  }
Performing C SOURCE FILE Test CompilePCFromUContext succeded with the following output:
Change Dir: /home/wangq/Maiter-1/bin/release/CMakeFiles/CMakeTmp

Run Build Command:/usr/bin/make "cmTryCompileExec4231980639/fast"
make[1]: Entering directory `/home/wangq/Maiter-1/bin/release/CMakeFiles/CMakeTmp'
/usr/bin/make -f CMakeFiles/cmTryCompileExec4231980639.dir/build.make CMakeFiles/cmTryCompileExec4231980639.dir/build
make[2]: Entering directory `/home/wangq/Maiter-1/bin/release/CMakeFiles/CMakeTmp'
/usr/bin/cmake -E cmake_progress_report /home/wangq/Maiter-1/bin/release/CMakeFiles/CMakeTmp/CMakeFiles 1
Building C object CMakeFiles/cmTryCompileExec4231980639.dir/src.c.o
/usr/bin/cc   -DCompilePCFromUContext   -o CMakeFiles/cmTryCompileExec4231980639.dir/src.c.o   -c /home/wangq/Maiter-1/bin/release/CMakeFiles/CMakeTmp/src.c
Linking C executable cmTryCompileExec4231980639
/usr/bin/cmake -E cmake_link_script CMakeFiles/cmTryCompileExec4231980639.dir/link.txt --verbose=1
/usr/bin/cc   -DCompilePCFromUContext    CMakeFiles/cmTryCompileExec4231980639.dir/src.c.o  -o cmTryCompileExec4231980639 -rdynamic 
make[2]: Leaving directory `/home/wangq/Maiter-1/bin/release/CMakeFiles/CMakeTmp'
make[1]: Leaving directory `/home/wangq/Maiter-1/bin/release/CMakeFiles/CMakeTmp'

Source file was:

  #define _GNU_SOURCE 1
  
#include <ucontext.h>
#include <sys/ucontext.h>
  int main(int argc, char** argv) {
    ucontext_t ctx;
    return ctx.uc_mcontext.gregs[REG_RIP] == 0;
  }
Performing C SOURCE FILE Test CompilePCFromUContext succeded with the following output:
Change Dir: /home/wangq/Maiter-1/bin/release/CMakeFiles/CMakeTmp

Run Build Command:/usr/bin/make "cmTryCompileExec885584816/fast"
make[1]: Entering directory `/home/wangq/Maiter-1/bin/release/CMakeFiles/CMakeTmp'
/usr/bin/make -f CMakeFiles/cmTryCompileExec885584816.dir/build.make CMakeFiles/cmTryCompileExec885584816.dir/build
make[2]: Entering directory `/home/wangq/Maiter-1/bin/release/CMakeFiles/CMakeTmp'
/usr/bin/cmake -E cmake_progress_report /home/wangq/Maiter-1/bin/release/CMakeFiles/CMakeTmp/CMakeFiles 1
Building C object CMakeFiles/cmTryCompileExec885584816.dir/src.c.o
/usr/bin/cc   -DCompilePCFromUContext   -o CMakeFiles/cmTryCompileExec885584816.dir/src.c.o   -c /home/wangq/Maiter-1/bin/release/CMakeFiles/CMakeTmp/src.c
Linking C executable cmTryCompileExec885584816
/usr/bin/cmake -E cmake_link_script CMakeFiles/cmTryCompileExec885584816.dir/link.txt --verbose=1
/usr/bin/cc   -DCompilePCFromUContext    CMakeFiles/cmTryCompileExec885584816.dir/src.c.o  -o cmTryCompileExec885584816 -rdynamic 
make[2]: Leaving directory `/home/wangq/Maiter-1/bin/release/CMakeFiles/CMakeTmp'
make[1]: Leaving directory `/home/wangq/Maiter-1/bin/release/CMakeFiles/CMakeTmp'

Source file was:

  #define _GNU_SOURCE 1
  
#include <ucontext.h>
#include <sys/ucontext.h>
  int main(int argc, char** argv) {
    ucontext_t ctx;
    return ctx.uc_mcontext.gregs[REG_RIP] == 0;
  }
Performing C SOURCE FILE Test CompilePCFromUContext succeded with the following output:
Change Dir: /home/wangq/Maiter-1/bin/release/CMakeFiles/CMakeTmp

Run Build Command:/usr/bin/make "cmTryCompileExec1118700732/fast"
make[1]: Entering directory `/home/wangq/Maiter-1/bin/release/CMakeFiles/CMakeTmp'
/usr/bin/make -f CMakeFiles/cmTryCompileExec1118700732.dir/build.make CMakeFiles/cmTryCompileExec1118700732.dir/build
make[2]: Entering directory `/home/wangq/Maiter-1/bin/release/CMakeFiles/CMakeTmp'
/usr/bin/cmake -E cmake_progress_report /home/wangq/Maiter-1/bin/release/CMakeFiles/CMakeTmp/CMakeFiles 1
Building C object CMakeFiles/cmTryCompileExec1118700732.dir/src.c.o
/usr/bin/cc   -DCompilePCFromUContext   -o CMakeFiles/cmTryCompileExec1118700732.dir/src.c.o   -c /home/wangq/Maiter-1/bin/release/CMakeFiles/CMakeTmp/src.c
Linking C executable cmTryCompileExec1118700732
/usr/bin/cmake -E cmake_link_script CMakeFiles/cmTryCompileExec1118700732.dir/link.txt --verbose=1
/usr/bin/cc   -DCompilePCFromUContext    CMakeFiles/cmTryCompileExec1118700732.dir/src.c.o  -o cmTryCompileExec1118700732 -rdynamic 
make[2]: Leaving directory `/home/wangq/Maiter-1/bin/release/CMakeFiles/CMakeTmp'
make[1]: Leaving directory `/home/wangq/Maiter-1/bin/release/CMakeFiles/CMakeTmp'

Source file was:

  #define _GNU_SOURCE 1
  
#include <ucontext.h>
#include <sys/ucontext.h>
  int main(int argc, char** argv) {
    ucontext_t ctx;
    return ctx.uc_mcontext.gregs[REG_RIP] == 0;
  }
Performing C SOURCE FILE Test CompilePCFromUContext succeded with the following output:
Change Dir: /home/wangq/Maiter-1/bin/release/CMakeFiles/CMakeTmp

Run Build Command:/usr/bin/make "cmTryCompileExec2694586273/fast"
make[1]: Entering directory `/home/wangq/Maiter-1/bin/release/CMakeFiles/CMakeTmp'
/usr/bin/make -f CMakeFiles/cmTryCompileExec2694586273.dir/build.make CMakeFiles/cmTryCompileExec2694586273.dir/build
make[2]: Entering directory `/home/wangq/Maiter-1/bin/release/CMakeFiles/CMakeTmp'
/usr/bin/cmake -E cmake_progress_report /home/wangq/Maiter-1/bin/release/CMakeFiles/CMakeTmp/CMakeFiles 1
Building C object CMakeFiles/cmTryCompileExec2694586273.dir/src.c.o
/usr/bin/cc   -DCompilePCFromUContext   -o CMakeFiles/cmTryCompileExec2694586273.dir/src.c.o   -c /home/wangq/Maiter-1/bin/release/CMakeFiles/CMakeTmp/src.c
Linking C executable cmTryCompileExec2694586273
/usr/bin/cmake -E cmake_link_script CMakeFiles/cmTryCompileExec2694586273.dir/link.txt --verbose=1
/usr/bin/cc   -DCompilePCFromUContext    CMakeFiles/cmTryCompileExec2694586273.dir/src.c.o  -o cmTryCompileExec2694586273 -rdynamic 
make[2]: Leaving directory `/home/wangq/Maiter-1/bin/release/CMakeFiles/CMakeTmp'
make[1]: Leaving directory `/home/wangq/Maiter-1/bin/release/CMakeFiles/CMakeTmp'

Source file was:

  #define _GNU_SOURCE 1
  
#include <ucontext.h>
#include <sys/ucontext.h>
  int main(int argc, char** argv) {
    ucontext_t ctx;
    return ctx.uc_mcontext.gregs[REG_RIP] == 0;
  }
Performing C SOURCE FILE Test CompilePCFromUContext succeded with the following output:
Change Dir: /home/wangq/Maiter-1/bin/release/CMakeFiles/CMakeTmp

Run Build Command:/usr/bin/make "cmTryCompileExec521863812/fast"
make[1]: Entering directory `/home/wangq/Maiter-1/bin/release/CMakeFiles/CMakeTmp'
/usr/bin/make -f CMakeFiles/cmTryCompileExec521863812.dir/build.make CMakeFiles/cmTryCompileExec521863812.dir/build
make[2]: Entering directory `/home/wangq/Maiter-1/bin/release/CMakeFiles/CMakeTmp'
/usr/bin/cmake -E cmake_progress_report /home/wangq/Maiter-1/bin/release/CMakeFiles/CMakeTmp/CMakeFiles 1
Building C object CMakeFiles/cmTryCompileExec521863812.dir/src.c.o
/usr/bin/cc   -DCompilePCFromUContext   -o CMakeFiles/cmTryCompileExec521863812.dir/src.c.o   -c /home/wangq/Maiter-1/bin/release/CMakeFiles/CMakeTmp/src.c
Linking C executable cmTryCompileExec521863812
/usr/bin/cmake -E cmake_link_script CMakeFiles/cmTryCompileExec521863812.dir/link.txt --verbose=1
/usr/bin/cc   -DCompilePCFromUContext    CMakeFiles/cmTryCompileExec521863812.dir/src.c.o  -o cmTryCompileExec521863812 -rdynamic 
make[2]: Leaving directory `/home/wangq/Maiter-1/bin/release/CMakeFiles/CMakeTmp'
make[1]: Leaving directory `/home/wangq/Maiter-1/bin/release/CMakeFiles/CMakeTmp'

Source file was:

  #define _GNU_SOURCE 1
  
#include <ucontext.h>
#include <sys/ucontext.h>
  int main(int argc, char** argv) {
    ucontext_t ctx;
    return ctx.uc_mcontext.gregs[REG_RIP] == 0;
  }
Performing C SOURCE FILE Test CompilePCFromUContext succeded with the following output:
Change Dir: /home/wangq/Maiter-1/bin/release/CMakeFiles/CMakeTmp

Run Build Command:/usr/bin/make "cmTryCompileExec949781896/fast"
make[1]: Entering directory `/home/wangq/Maiter-1/bin/release/CMakeFiles/CMakeTmp'
/usr/bin/make -f CMakeFiles/cmTryCompileExec949781896.dir/build.make CMakeFiles/cmTryCompileExec949781896.dir/build
make[2]: Entering directory `/home/wangq/Maiter-1/bin/release/CMakeFiles/CMakeTmp'
/usr/bin/cmake -E cmake_progress_report /home/wangq/Maiter-1/bin/release/CMakeFiles/CMakeTmp/CMakeFiles 1
Building C object CMakeFiles/cmTryCompileExec949781896.dir/src.c.o
/usr/bin/cc   -DCompilePCFromUContext   -o CMakeFiles/cmTryCompileExec949781896.dir/src.c.o   -c /home/wangq/Maiter-1/bin/release/CMakeFiles/CMakeTmp/src.c
Linking C executable cmTryCompileExec949781896
/usr/bin/cmake -E cmake_link_script CMakeFiles/cmTryCompileExec949781896.dir/link.txt --verbose=1
/usr/bin/cc   -DCompilePCFromUContext    CMakeFiles/cmTryCompileExec949781896.dir/src.c.o  -o cmTryCompileExec949781896 -rdynamic 
make[2]: Leaving directory `/home/wangq/Maiter-1/bin/release/CMakeFiles/CMakeTmp'
make[1]: Leaving directory `/home/wangq/Maiter-1/bin/release/CMakeFiles/CMakeTmp'

Source file was:

  #define _GNU_SOURCE 1
  
#include <ucontext.h>
#include <sys/ucontext.h>
  int main(int argc, char** argv) {
    ucontext_t ctx;
    return ctx.uc_mcontext.gregs[REG_RIP] == 0;
  }
Performing C SOURCE FILE Test CompilePCFromUContext succeded with the following output:
Change Dir: /home/wangq/Maiter-1/bin/release/CMakeFiles/CMakeTmp

Run Build Command:/usr/bin/make "cmTryCompileExec3891596026/fast"
make[1]: Entering directory `/home/wangq/Maiter-1/bin/release/CMakeFiles/CMakeTmp'
/usr/bin/make -f CMakeFiles/cmTryCompileExec3891596026.dir/build.make CMakeFiles/cmTryCompileExec3891596026.dir/build
make[2]: Entering directory `/home/wangq/Maiter-1/bin/release/CMakeFiles/CMakeTmp'
/usr/bin/cmake -E cmake_progress_report /home/wangq/Maiter-1/bin/release/CMakeFiles/CMakeTmp/CMakeFiles 1
Building C object CMakeFiles/cmTryCompileExec3891596026.dir/src.c.o
/usr/bin/cc   -DCompilePCFromUContext   -o CMakeFiles/cmTryCompileExec3891596026.dir/src.c.o   -c /home/wangq/Maiter-1/bin/release/CMakeFiles/CMakeTmp/src.c
Linking C executable cmTryCompileExec3891596026
/usr/bin/cmake -E cmake_link_script CMakeFiles/cmTryCompileExec3891596026.dir/link.txt --verbose=1
/usr/bin/cc   -DCompilePCFromUContext    CMakeFiles/cmTryCompileExec3891596026.dir/src.c.o  -o cmTryCompileExec3891596026 -rdynamic 
make[2]: Leaving directory `/home/wangq/Maiter-1/bin/release/CMakeFiles/CMakeTmp'
make[1]: Leaving directory `/home/wangq/Maiter-1/bin/release/CMakeFiles/CMakeTmp'

Source file was:

  #define _GNU_SOURCE 1
  
#include <ucontext.h>
#include <sys/ucontext.h>
  int main(int argc, char** argv) {
    ucontext_t ctx;
    return ctx.uc_mcontext.gregs[REG_RIP] == 0;
  }
Performing C SOURCE FILE Test CompilePCFromUContext succeded with the following output:
Change Dir: /home/wangq/Maiter-1/bin/release/CMakeFiles/CMakeTmp

Run Build Command:/usr/bin/make "cmTryCompileExec2523544175/fast"
make[1]: Entering directory `/home/wangq/Maiter-1/bin/release/CMakeFiles/CMakeTmp'
/usr/bin/make -f CMakeFiles/cmTryCompileExec2523544175.dir/build.make CMakeFiles/cmTryCompileExec2523544175.dir/build
make[2]: Entering directory `/home/wangq/Maiter-1/bin/release/CMakeFiles/CMakeTmp'
/usr/bin/cmake -E cmake_progress_report /home/wangq/Maiter-1/bin/release/CMakeFiles/CMakeTmp/CMakeFiles 1
Building C object CMakeFiles/cmTryCompileExec2523544175.dir/src.c.o
/usr/bin/cc   -DCompilePCFromUContext   -o CMakeFiles/cmTryCompileExec2523544175.dir/src.c.o   -c /home/wangq/Maiter-1/bin/release/CMakeFiles/CMakeTmp/src.c
Linking C executable cmTryCompileExec2523544175
/usr/bin/cmake -E cmake_link_script CMakeFiles/cmTryCompileExec2523544175.dir/link.txt --verbose=1
/usr/bin/cc   -DCompilePCFromUContext    CMakeFiles/cmTryCompileExec2523544175.dir/src.c.o  -o cmTryCompileExec2523544175 -rdynamic 
make[2]: Leaving directory `/home/wangq/Maiter-1/bin/release/CMakeFiles/CMakeTmp'
make[1]: Leaving directory `/home/wangq/Maiter-1/bin/release/CMakeFiles/CMakeTmp'

Source file was:

  #define _GNU_SOURCE 1
  
#include <ucontext.h>
#include <sys/ucontext.h>
  int main(int argc, char** argv) {
    ucontext_t ctx;
    return ctx.uc_mcontext.gregs[REG_RIP] == 0;
  }
Performing C SOURCE FILE Test CompilePCFromUContext succeded with the following output:
Change Dir: /home/wangq/Maiter-1/bin/release/CMakeFiles/CMakeTmp

Run Build Command:/usr/bin/make "cmTryCompileExec983830380/fast"
make[1]: Entering directory `/home/wangq/Maiter-1/bin/release/CMakeFiles/CMakeTmp'
/usr/bin/make -f CMakeFiles/cmTryCompileExec983830380.dir/build.make CMakeFiles/cmTryCompileExec983830380.dir/build
make[2]: Entering directory `/home/wangq/Maiter-1/bin/release/CMakeFiles/CMakeTmp'
/usr/bin/cmake -E cmake_progress_report /home/wangq/Maiter-1/bin/release/CMakeFiles/CMakeTmp/CMakeFiles 1
Building C object CMakeFiles/cmTryCompileExec983830380.dir/src.c.o
/usr/bin/cc   -DCompilePCFromUContext   -o CMakeFiles/cmTryCompileExec983830380.dir/src.c.o   -c /home/wangq/Maiter-1/bin/release/CMakeFiles/CMakeTmp/src.c
Linking C executable cmTryCompileExec983830380
/usr/bin/cmake -E cmake_link_script CMakeFiles/cmTryCompileExec983830380.dir/link.txt --verbose=1
/usr/bin/cc   -DCompilePCFromUContext    CMakeFiles/cmTryCompileExec983830380.dir/src.c.o  -o cmTryCompileExec983830380 -rdynamic 
make[2]: Leaving directory `/home/wangq/Maiter-1/bin/release/CMakeFiles/CMakeTmp'
make[1]: Leaving directory `/home/wangq/Maiter-1/bin/release/CMakeFiles/CMakeTmp'

Source file was:

  #define _GNU_SOURCE 1
  
#include <ucontext.h>
#include <sys/ucontext.h>
  int main(int argc, char** argv) {
    ucontext_t ctx;
    return ctx.uc_mcontext.gregs[REG_RIP] == 0;
  }
Performing C SOURCE FILE Test CompilePCFromUContext succeded with the following output:
Change Dir: /home/wangq/Maiter-1/bin/release/CMakeFiles/CMakeTmp

Run Build Command:/usr/bin/make "cmTryCompileExec2147218197/fast"
make[1]: Entering directory `/home/wangq/Maiter-1/bin/release/CMakeFiles/CMakeTmp'
/usr/bin/make -f CMakeFiles/cmTryCompileExec2147218197.dir/build.make CMakeFiles/cmTryCompileExec2147218197.dir/build
make[2]: Entering directory `/home/wangq/Maiter-1/bin/release/CMakeFiles/CMakeTmp'
/usr/bin/cmake -E cmake_progress_report /home/wangq/Maiter-1/bin/release/CMakeFiles/CMakeTmp/CMakeFiles 1
Building C object CMakeFiles/cmTryCompileExec2147218197.dir/src.c.o
/usr/bin/cc   -DCompilePCFromUContext   -o CMakeFiles/cmTryCompileExec2147218197.dir/src.c.o   -c /home/wangq/Maiter-1/bin/release/CMakeFiles/CMakeTmp/src.c
Linking C executable cmTryCompileExec2147218197
/usr/bin/cmake -E cmake_link_script CMakeFiles/cmTryCompileExec2147218197.dir/link.txt --verbose=1
/usr/bin/cc   -DCompilePCFromUContext    CMakeFiles/cmTryCompileExec2147218197.dir/src.c.o  -o cmTryCompileExec2147218197 -rdynamic 
make[2]: Leaving directory `/home/wangq/Maiter-1/bin/release/CMakeFiles/CMakeTmp'
make[1]: Leaving directory `/home/wangq/Maiter-1/bin/release/CMakeFiles/CMakeTmp'

Source file was:

  #define _GNU_SOURCE 1
  
#include <ucontext.h>
#include <sys/ucontext.h>
  int main(int argc, char** argv) {
    ucontext_t ctx;
    return ctx.uc_mcontext.gregs[REG_RIP] == 0;
  }
Performing C SOURCE FILE Test CompilePCFromUContext succeded with the following output:
Change Dir: /home/wangq/Maiter-1/bin/release/CMakeFiles/CMakeTmp

Run Build Command:/usr/bin/make "cmTryCompileExec2930320806/fast"
make[1]: Entering directory `/home/wangq/Maiter-1/bin/release/CMakeFiles/CMakeTmp'
/usr/bin/make -f CMakeFiles/cmTryCompileExec2930320806.dir/build.make CMakeFiles/cmTryCompileExec2930320806.dir/build
make[2]: Entering directory `/home/wangq/Maiter-1/bin/release/CMakeFiles/CMakeTmp'
/usr/bin/cmake -E cmake_progress_report /home/wangq/Maiter-1/bin/release/CMakeFiles/CMakeTmp/CMakeFiles 1
Building C object CMakeFiles/cmTryCompileExec2930320806.dir/src.c.o
/usr/bin/cc   -DCompilePCFromUContext   -o CMakeFiles/cmTryCompileExec2930320806.dir/src.c.o   -c /home/wangq/Maiter-1/bin/release/CMakeFiles/CMakeTmp/src.c
Linking C executable cmTryCompileExec2930320806
/usr/bin/cmake -E cmake_link_script CMakeFiles/cmTryCompileExec2930320806.dir/link.txt --verbose=1
/usr/bin/cc   -DCompilePCFromUContext    CMakeFiles/cmTryCompileExec2930320806.dir/src.c.o  -o cmTryCompileExec2930320806 -rdynamic 
make[2]: Leaving directory `/home/wangq/Maiter-1/bin/release/CMakeFiles/CMakeTmp'
make[1]: Leaving directory `/home/wangq/Maiter-1/bin/release/CMakeFiles/CMakeTmp'

Source file was:

  #define _GNU_SOURCE 1
  
#include <ucontext.h>
#include <sys/ucontext.h>
  int main(int argc, char** argv) {
    ucontext_t ctx;
    return ctx.uc_mcontext.gregs[REG_RIP] == 0;
  }
Performing C SOURCE FILE Test CompilePCFromUContext succeded with the following output:
Change Dir: /home/wangq/Maiter-1/bin/release/CMakeFiles/CMakeTmp

Run Build Command:/usr/bin/make "cmTryCompileExec187955947/fast"
make[1]: Entering directory `/home/wangq/Maiter-1/bin/release/CMakeFiles/CMakeTmp'
/usr/bin/make -f CMakeFiles/cmTryCompileExec187955947.dir/build.make CMakeFiles/cmTryCompileExec187955947.dir/build
make[2]: Entering directory `/home/wangq/Maiter-1/bin/release/CMakeFiles/CMakeTmp'
/usr/bin/cmake -E cmake_progress_report /home/wangq/Maiter-1/bin/release/CMakeFiles/CMakeTmp/CMakeFiles 1
Building C object CMakeFiles/cmTryCompileExec187955947.dir/src.c.o
/usr/bin/cc   -DCompilePCFromUContext   -o CMakeFiles/cmTryCompileExec187955947.dir/src.c.o   -c /home/wangq/Maiter-1/bin/release/CMakeFiles/CMakeTmp/src.c
Linking C executable cmTryCompileExec187955947
/usr/bin/cmake -E cmake_link_script CMakeFiles/cmTryCompileExec187955947.dir/link.txt --verbose=1
/usr/bin/cc   -DCompilePCFromUContext    CMakeFiles/cmTryCompileExec187955947.dir/src.c.o  -o cmTryCompileExec187955947 -rdynamic 
make[2]: Leaving directory `/home/wangq/Maiter-1/bin/release/CMakeFiles/CMakeTmp'
make[1]: Leaving directory `/home/wangq/Maiter-1/bin/release/CMakeFiles/CMakeTmp'

Source file was:

  #define _GNU_SOURCE 1
  
#include <ucontext.h>
#include <sys/ucontext.h>
  int main(int argc, char** argv) {
    ucontext_t ctx;
    return ctx.uc_mcontext.gregs[REG_RIP] == 0;
  }
Performing C SOURCE FILE Test CompilePCFromUContext succeded with the following output:
Change Dir: /home/wangq/Maiter-1/bin/release/CMakeFiles/CMakeTmp

Run Build Command:/usr/bin/make "cmTryCompileExec3066886750/fast"
make[1]: Entering directory `/home/wangq/Maiter-1/bin/release/CMakeFiles/CMakeTmp'
/usr/bin/make -f CMakeFiles/cmTryCompileExec3066886750.dir/build.make CMakeFiles/cmTryCompileExec3066886750.dir/build
make[2]: Entering directory `/home/wangq/Maiter-1/bin/release/CMakeFiles/CMakeTmp'
/usr/bin/cmake -E cmake_progress_report /home/wangq/Maiter-1/bin/release/CMakeFiles/CMakeTmp/CMakeFiles 1
Building C object CMakeFiles/cmTryCompileExec3066886750.dir/src.c.o
/usr/bin/cc   -DCompilePCFromUContext   -o CMakeFiles/cmTryCompileExec3066886750.dir/src.c.o   -c /home/wangq/Maiter-1/bin/release/CMakeFiles/CMakeTmp/src.c
Linking C executable cmTryCompileExec3066886750
/usr/bin/cmake -E cmake_link_script CMakeFiles/cmTryCompileExec3066886750.dir/link.txt --verbose=1
/usr/bin/cc   -DCompilePCFromUContext    CMakeFiles/cmTryCompileExec3066886750.dir/src.c.o  -o cmTryCompileExec3066886750 -rdynamic 
make[2]: Leaving directory `/home/wangq/Maiter-1/bin/release/CMakeFiles/CMakeTmp'
make[1]: Leaving directory `/home/wangq/Maiter-1/bin/release/CMakeFiles/CMakeTmp'

Source file was:

  #define _GNU_SOURCE 1
  
#include <ucontext.h>
#include <sys/ucontext.h>
  int main(int argc, char** argv) {
    ucontext_t ctx;
    return ctx.uc_mcontext.gregs[REG_RIP] == 0;
  }
Performing C SOURCE FILE Test CompilePCFromUContext succeded with the following output:
Change Dir: /home/wangq/Maiter-1/bin/release/CMakeFiles/CMakeTmp

Run Build Command:/usr/bin/make "cmTryCompileExec344668251/fast"
make[1]: Entering directory `/home/wangq/Maiter-1/bin/release/CMakeFiles/CMakeTmp'
/usr/bin/make -f CMakeFiles/cmTryCompileExec344668251.dir/build.make CMakeFiles/cmTryCompileExec344668251.dir/build
make[2]: Entering directory `/home/wangq/Maiter-1/bin/release/CMakeFiles/CMakeTmp'
/usr/bin/cmake -E cmake_progress_report /home/wangq/Maiter-1/bin/release/CMakeFiles/CMakeTmp/CMakeFiles 1
Building C object CMakeFiles/cmTryCompileExec344668251.dir/src.c.o
/usr/bin/cc   -DCompilePCFromUContext   -o CMakeFiles/cmTryCompileExec344668251.dir/src.c.o   -c /home/wangq/Maiter-1/bin/release/CMakeFiles/CMakeTmp/src.c
Linking C executable cmTryCompileExec344668251
/usr/bin/cmake -E cmake_link_script CMakeFiles/cmTryCompileExec344668251.dir/link.txt --verbose=1
/usr/bin/cc   -DCompilePCFromUContext    CMakeFiles/cmTryCompileExec344668251.dir/src.c.o  -o cmTryCompileExec344668251 -rdynamic 
make[2]: Leaving directory `/home/wangq/Maiter-1/bin/release/CMakeFiles/CMakeTmp'
make[1]: Leaving directory `/home/wangq/Maiter-1/bin/release/CMakeFiles/CMakeTmp'

Source file was:

  #define _GNU_SOURCE 1
  
#include <ucontext.h>
#include <sys/ucontext.h>
  int main(int argc, char** argv) {
    ucontext_t ctx;
    return ctx.uc_mcontext.gregs[REG_RIP] == 0;
  }
Performing C SOURCE FILE Test CompilePCFromUContext succeded with the following output:
Change Dir: /home/wangq/Maiter-1/bin/release/CMakeFiles/CMakeTmp

Run Build Command:/usr/bin/make "cmTryCompileExec3301986161/fast"
make[1]: Entering directory `/home/wangq/Maiter-1/bin/release/CMakeFiles/CMakeTmp'
/usr/bin/make -f CMakeFiles/cmTryCompileExec3301986161.dir/build.make CMakeFiles/cmTryCompileExec3301986161.dir/build
make[2]: Entering directory `/home/wangq/Maiter-1/bin/release/CMakeFiles/CMakeTmp'
/usr/bin/cmake -E cmake_progress_report /home/wangq/Maiter-1/bin/release/CMakeFiles/CMakeTmp/CMakeFiles 1
Building C object CMakeFiles/cmTryCompileExec3301986161.dir/src.c.o
/usr/bin/cc   -DCompilePCFromUContext   -o CMakeFiles/cmTryCompileExec3301986161.dir/src.c.o   -c /home/wangq/Maiter-1/bin/release/CMakeFiles/CMakeTmp/src.c
Linking C executable cmTryCompileExec3301986161
/usr/bin/cmake -E cmake_link_script CMakeFiles/cmTryCompileExec3301986161.dir/link.txt --verbose=1
/usr/bin/cc   -DCompilePCFromUContext    CMakeFiles/cmTryCompileExec3301986161.dir/src.c.o  -o cmTryCompileExec3301986161 -rdynamic 
make[2]: Leaving directory `/home/wangq/Maiter-1/bin/release/CMakeFiles/CMakeTmp'
make[1]: Leaving directory `/home/wangq/Maiter-1/bin/release/CMakeFiles/CMakeTmp'

Source file was:

  #define _GNU_SOURCE 1
  
#include <ucontext.h>
#include <sys/ucontext.h>
  int main(int argc, char** argv) {
    ucontext_t ctx;
    return ctx.uc_mcontext.gregs[REG_RIP] == 0;
  }
Performing C SOURCE FILE Test CompilePCFromUContext succeded with the following output:
Change Dir: /home/wangq/Maiter-1/bin/release/CMakeFiles/CMakeTmp

Run Build Command:/usr/bin/make "cmTryCompileExec606173208/fast"
make[1]: Entering directory `/home/wangq/Maiter-1/bin/release/CMakeFiles/CMakeTmp'
/usr/bin/make -f CMakeFiles/cmTryCompileExec606173208.dir/build.make CMakeFiles/cmTryCompileExec606173208.dir/build
make[2]: Entering directory `/home/wangq/Maiter-1/bin/release/CMakeFiles/CMakeTmp'
/usr/bin/cmake -E cmake_progress_report /home/wangq/Maiter-1/bin/release/CMakeFiles/CMakeTmp/CMakeFiles 1
Building C object CMakeFiles/cmTryCompileExec606173208.dir/src.c.o
/usr/bin/cc   -DCompilePCFromUContext   -o CMakeFiles/cmTryCompileExec606173208.dir/src.c.o   -c /home/wangq/Maiter-1/bin/release/CMakeFiles/CMakeTmp/src.c
Linking C executable cmTryCompileExec606173208
/usr/bin/cmake -E cmake_link_script CMakeFiles/cmTryCompileExec606173208.dir/link.txt --verbose=1
/usr/bin/cc   -DCompilePCFromUContext    CMakeFiles/cmTryCompileExec606173208.dir/src.c.o  -o cmTryCompileExec606173208 -rdynamic 
make[2]: Leaving directory `/home/wangq/Maiter-1/bin/release/CMakeFiles/CMakeTmp'
make[1]: Leaving directory `/home/wangq/Maiter-1/bin/release/CMakeFiles/CMakeTmp'

Source file was:

  #define _GNU_SOURCE 1
  
#include <ucontext.h>
#include <sys/ucontext.h>
  int main(int argc, char** argv) {
    ucontext_t ctx;
    return ctx.uc_mcontext.gregs[REG_RIP] == 0;
  }
Performing C SOURCE FILE Test CompilePCFromUContext succeded with the following output:
Change Dir: /home/wangq/Maiter-1/bin/release/CMakeFiles/CMakeTmp

Run Build Command:/usr/bin/make "cmTryCompileExec158834100/fast"
make[1]: Entering directory `/home/wangq/Maiter-1/bin/release/CMakeFiles/CMakeTmp'
/usr/bin/make -f CMakeFiles/cmTryCompileExec158834100.dir/build.make CMakeFiles/cmTryCompileExec158834100.dir/build
make[2]: Entering directory `/home/wangq/Maiter-1/bin/release/CMakeFiles/CMakeTmp'
/usr/bin/cmake -E cmake_progress_report /home/wangq/Maiter-1/bin/release/CMakeFiles/CMakeTmp/CMakeFiles 1
Building C object CMakeFiles/cmTryCompileExec158834100.dir/src.c.o
/usr/bin/cc   -DCompilePCFromUContext   -o CMakeFiles/cmTryCompileExec158834100.dir/src.c.o   -c /home/wangq/Maiter-1/bin/release/CMakeFiles/CMakeTmp/src.c
Linking C executable cmTryCompileExec158834100
/usr/bin/cmake -E cmake_link_script CMakeFiles/cmTryCompileExec158834100.dir/link.txt --verbose=1
/usr/bin/cc   -DCompilePCFromUContext    CMakeFiles/cmTryCompileExec158834100.dir/src.c.o  -o cmTryCompileExec158834100 -rdynamic 
make[2]: Leaving directory `/home/wangq/Maiter-1/bin/release/CMakeFiles/CMakeTmp'
make[1]: Leaving directory `/home/wangq/Maiter-1/bin/release/CMakeFiles/CMakeTmp'

Source file was:

  #define _GNU_SOURCE 1
  
#include <ucontext.h>
#include <sys/ucontext.h>
  int main(int argc, char** argv) {
    ucontext_t ctx;
    return ctx.uc_mcontext.gregs[REG_RIP] == 0;
  }
Performing C SOURCE FILE Test CompilePCFromUContext succeded with the following output:
Change Dir: /home/wangq/Maiter-1/bin/release/CMakeFiles/CMakeTmp

Run Build Command:/usr/bin/make "cmTryCompileExec935556381/fast"
make[1]: Entering directory `/home/wangq/Maiter-1/bin/release/CMakeFiles/CMakeTmp'
/usr/bin/make -f CMakeFiles/cmTryCompileExec935556381.dir/build.make CMakeFiles/cmTryCompileExec935556381.dir/build
make[2]: Entering directory `/home/wangq/Maiter-1/bin/release/CMakeFiles/CMakeTmp'
/usr/bin/cmake -E cmake_progress_report /home/wangq/Maiter-1/bin/release/CMakeFiles/CMakeTmp/CMakeFiles 1
Building C object CMakeFiles/cmTryCompileExec935556381.dir/src.c.o
/usr/bin/cc   -DCompilePCFromUContext   -o CMakeFiles/cmTryCompileExec935556381.dir/src.c.o   -c /home/wangq/Maiter-1/bin/release/CMakeFiles/CMakeTmp/src.c
Linking C executable cmTryCompileExec935556381
/usr/bin/cmake -E cmake_link_script CMakeFiles/cmTryCompileExec935556381.dir/link.txt --verbose=1
/usr/bin/cc   -DCompilePCFromUContext    CMakeFiles/cmTryCompileExec935556381.dir/src.c.o  -o cmTryCompileExec935556381 -rdynamic 
make[2]: Leaving directory `/home/wangq/Maiter-1/bin/release/CMakeFiles/CMakeTmp'
make[1]: Leaving directory `/home/wangq/Maiter-1/bin/release/CMakeFiles/CMakeTmp'

Source file was:

  #define _GNU_SOURCE 1
  
#include <ucontext.h>
#include <sys/ucontext.h>
  int main(int argc, char** argv) {
    ucontext_t ctx;
    return ctx.uc_mcontext.gregs[REG_RIP] == 0;
  }
Performing C SOURCE FILE Test CompilePCFromUContext succeded with the following output:
Change Dir: /home/wangq/Maiter-1/bin/release/CMakeFiles/CMakeTmp

Run Build Command:/usr/bin/make "cmTryCompileExec3045500226/fast"
make[1]: Entering directory `/home/wangq/Maiter-1/bin/release/CMakeFiles/CMakeTmp'
/usr/bin/make -f CMakeFiles/cmTryCompileExec3045500226.dir/build.make CMakeFiles/cmTryCompileExec3045500226.dir/build
make[2]: Entering directory `/home/wangq/Maiter-1/bin/release/CMakeFiles/CMakeTmp'
/usr/bin/cmake -E cmake_progress_report /home/wangq/Maiter-1/bin/release/CMakeFiles/CMakeTmp/CMakeFiles 1
Building C object CMakeFiles/cmTryCompileExec3045500226.dir/src.c.o
/usr/bin/cc   -DCompilePCFromUContext   -o CMakeFiles/cmTryCompileExec3045500226.dir/src.c.o   -c /home/wangq/Maiter-1/bin/release/CMakeFiles/CMakeTmp/src.c
Linking C executable cmTryCompileExec3045500226
/usr/bin/cmake -E cmake_link_script CMakeFiles/cmTryCompileExec3045500226.dir/link.txt --verbose=1
/usr/bin/cc   -DCompilePCFromUContext    CMakeFiles/cmTryCompileExec3045500226.dir/src.c.o  -o cmTryCompileExec3045500226 -rdynamic 
make[2]: Leaving directory `/home/wangq/Maiter-1/bin/release/CMakeFiles/CMakeTmp'
make[1]: Leaving directory `/home/wangq/Maiter-1/bin/release/CMakeFiles/CMakeTmp'

Source file was:

  #define _GNU_SOURCE 1
  
#include <ucontext.h>
#include <sys/ucontext.h>
  int main(int argc, char** argv) {
    ucontext_t ctx;
    return ctx.uc_mcontext.gregs[REG_RIP] == 0;
  }
Performing C SOURCE FILE Test CompilePCFromUContext succeded with the following output:
Change Dir: /home/wangq/Maiter-1/bin/release/CMakeFiles/CMakeTmp

Run Build Command:/usr/bin/make "cmTryCompileExec2078631286/fast"
make[1]: Entering directory `/home/wangq/Maiter-1/bin/release/CMakeFiles/CMakeTmp'
/usr/bin/make -f CMakeFiles/cmTryCompileExec2078631286.dir/build.make CMakeFiles/cmTryCompileExec2078631286.dir/build
make[2]: Entering directory `/home/wangq/Maiter-1/bin/release/CMakeFiles/CMakeTmp'
/usr/bin/cmake -E cmake_progress_report /home/wangq/Maiter-1/bin/release/CMakeFiles/CMakeTmp/CMakeFiles 1
Building C object CMakeFiles/cmTryCompileExec2078631286.dir/src.c.o
/usr/bin/cc   -DCompilePCFromUContext   -o CMakeFiles/cmTryCompileExec2078631286.dir/src.c.o   -c /home/wangq/Maiter-1/bin/release/CMakeFiles/CMakeTmp/src.c
Linking C executable cmTryCompileExec2078631286
/usr/bin/cmake -E cmake_link_script CMakeFiles/cmTryCompileExec2078631286.dir/link.txt --verbose=1
/usr/bin/cc   -DCompilePCFromUContext    CMakeFiles/cmTryCompileExec2078631286.dir/src.c.o  -o cmTryCompileExec2078631286 -rdynamic 
make[2]: Leaving directory `/home/wangq/Maiter-1/bin/release/CMakeFiles/CMakeTmp'
make[1]: Leaving directory `/home/wangq/Maiter-1/bin/release/CMakeFiles/CMakeTmp'

Source file was:

  #define _GNU_SOURCE 1
  
#include <ucontext.h>
#include <sys/ucontext.h>
  int main(int argc, char** argv) {
    ucontext_t ctx;
    return ctx.uc_mcontext.gregs[REG_RIP] == 0;
  }
Performing C SOURCE FILE Test CompilePCFromUContext succeded with the following output:
Change Dir: /home/wangq/Maiter-1/bin/release/CMakeFiles/CMakeTmp

Run Build Command:/usr/bin/make "cmTryCompileExec1816116769/fast"
make[1]: Entering directory `/home/wangq/Maiter-1/bin/release/CMakeFiles/CMakeTmp'
/usr/bin/make -f CMakeFiles/cmTryCompileExec1816116769.dir/build.make CMakeFiles/cmTryCompileExec1816116769.dir/build
make[2]: Entering directory `/home/wangq/Maiter-1/bin/release/CMakeFiles/CMakeTmp'
/usr/bin/cmake -E cmake_progress_report /home/wangq/Maiter-1/bin/release/CMakeFiles/CMakeTmp/CMakeFiles 1
Building C object CMakeFiles/cmTryCompileExec1816116769.dir/src.c.o
/usr/bin/cc   -DCompilePCFromUContext   -o CMakeFiles/cmTryCompileExec1816116769.dir/src.c.o   -c /home/wangq/Maiter-1/bin/release/CMakeFiles/CMakeTmp/src.c
Linking C executable cmTryCompileExec1816116769
/usr/bin/cmake -E cmake_link_script CMakeFiles/cmTryCompileExec1816116769.dir/link.txt --verbose=1
/usr/bin/cc   -DCompilePCFromUContext    CMakeFiles/cmTryCompileExec1816116769.dir/src.c.o  -o cmTryCompileExec1816116769 -rdynamic 
make[2]: Leaving directory `/home/wangq/Maiter-1/bin/release/CMakeFiles/CMakeTmp'
make[1]: Leaving directory `/home/wangq/Maiter-1/bin/release/CMakeFiles/CMakeTmp'

Source file was:

  #define _GNU_SOURCE 1
  
#include <ucontext.h>
#include <sys/ucontext.h>
  int main(int argc, char** argv) {
    ucontext_t ctx;
    return ctx.uc_mcontext.gregs[REG_RIP] == 0;
  }
Performing C SOURCE FILE Test CompilePCFromUContext succeded with the following output:
Change Dir: /home/wangq/Maiter-1/bin/release/CMakeFiles/CMakeTmp

Run Build Command:/usr/bin/make "cmTryCompileExec4247398766/fast"
make[1]: Entering directory `/home/wangq/Maiter-1/bin/release/CMakeFiles/CMakeTmp'
/usr/bin/make -f CMakeFiles/cmTryCompileExec4247398766.dir/build.make CMakeFiles/cmTryCompileExec4247398766.dir/build
make[2]: Entering directory `/home/wangq/Maiter-1/bin/release/CMakeFiles/CMakeTmp'
/usr/bin/cmake -E cmake_progress_report /home/wangq/Maiter-1/bin/release/CMakeFiles/CMakeTmp/CMakeFiles 1
Building C object CMakeFiles/cmTryCompileExec4247398766.dir/src.c.o
/usr/bin/cc   -DCompilePCFromUContext   -o CMakeFiles/cmTryCompileExec4247398766.dir/src.c.o   -c /home/wangq/Maiter-1/bin/release/CMakeFiles/CMakeTmp/src.c
Linking C executable cmTryCompileExec4247398766
/usr/bin/cmake -E cmake_link_script CMakeFiles/cmTryCompileExec4247398766.dir/link.txt --verbose=1
/usr/bin/cc   -DCompilePCFromUContext    CMakeFiles/cmTryCompileExec4247398766.dir/src.c.o  -o cmTryCompileExec4247398766 -rdynamic 
make[2]: Leaving directory `/home/wangq/Maiter-1/bin/release/CMakeFiles/CMakeTmp'
make[1]: Leaving directory `/home/wangq/Maiter-1/bin/release/CMakeFiles/CMakeTmp'

Source file was:

  #define _GNU_SOURCE 1
  
#include <ucontext.h>
#include <sys/ucontext.h>
  int main(int argc, char** argv) {
    ucontext_t ctx;
    return ctx.uc_mcontext.gregs[REG_RIP] == 0;
  }
Performing C SOURCE FILE Test CompilePCFromUContext succeded with the following output:
Change Dir: /home/wangq/Maiter-1/bin/release/CMakeFiles/CMakeTmp

Run Build Command:/usr/bin/make "cmTryCompileExec1008908980/fast"
make[1]: Entering directory `/home/wangq/Maiter-1/bin/release/CMakeFiles/CMakeTmp'
/usr/bin/make -f CMakeFiles/cmTryCompileExec1008908980.dir/build.make CMakeFiles/cmTryCompileExec1008908980.dir/build
make[2]: Entering directory `/home/wangq/Maiter-1/bin/release/CMakeFiles/CMakeTmp'
/usr/bin/cmake -E cmake_progress_report /home/wangq/Maiter-1/bin/release/CMakeFiles/CMakeTmp/CMakeFiles 1
Building C object CMakeFiles/cmTryCompileExec1008908980.dir/src.c.o
/usr/bin/cc   -DCompilePCFromUContext   -o CMakeFiles/cmTryCompileExec1008908980.dir/src.c.o   -c /home/wangq/Maiter-1/bin/release/CMakeFiles/CMakeTmp/src.c
Linking C executable cmTryCompileExec1008908980
/usr/bin/cmake -E cmake_link_script CMakeFiles/cmTryCompileExec1008908980.dir/link.txt --verbose=1
/usr/bin/cc   -DCompilePCFromUContext    CMakeFiles/cmTryCompileExec1008908980.dir/src.c.o  -o cmTryCompileExec1008908980 -rdynamic 
make[2]: Leaving directory `/home/wangq/Maiter-1/bin/release/CMakeFiles/CMakeTmp'
make[1]: Leaving directory `/home/wangq/Maiter-1/bin/release/CMakeFiles/CMakeTmp'

Source file was:

  #define _GNU_SOURCE 1
  
#include <ucontext.h>
#include <sys/ucontext.h>
  int main(int argc, char** argv) {
    ucontext_t ctx;
    return ctx.uc_mcontext.gregs[REG_RIP] == 0;
  }
Performing C SOURCE FILE Test CompilePCFromUContext succeded with the following output:
Change Dir: /home/wangq/Maiter-1/bin/release/CMakeFiles/CMakeTmp

Run Build Command:/usr/bin/make "cmTryCompileExec1825863567/fast"
make[1]: Entering directory `/home/wangq/Maiter-1/bin/release/CMakeFiles/CMakeTmp'
/usr/bin/make -f CMakeFiles/cmTryCompileExec1825863567.dir/build.make CMakeFiles/cmTryCompileExec1825863567.dir/build
make[2]: Entering directory `/home/wangq/Maiter-1/bin/release/CMakeFiles/CMakeTmp'
/usr/bin/cmake -E cmake_progress_report /home/wangq/Maiter-1/bin/release/CMakeFiles/CMakeTmp/CMakeFiles 1
Building C object CMakeFiles/cmTryCompileExec1825863567.dir/src.c.o
/usr/bin/cc   -DCompilePCFromUContext   -o CMakeFiles/cmTryCompileExec1825863567.dir/src.c.o   -c /home/wangq/Maiter-1/bin/release/CMakeFiles/CMakeTmp/src.c
Linking C executable cmTryCompileExec1825863567
/usr/bin/cmake -E cmake_link_script CMakeFiles/cmTryCompileExec1825863567.dir/link.txt --verbose=1
/usr/bin/cc   -DCompilePCFromUContext    CMakeFiles/cmTryCompileExec1825863567.dir/src.c.o  -o cmTryCompileExec1825863567 -rdynamic 
make[2]: Leaving directory `/home/wangq/Maiter-1/bin/release/CMakeFiles/CMakeTmp'
make[1]: Leaving directory `/home/wangq/Maiter-1/bin/release/CMakeFiles/CMakeTmp'

Source file was:

  #define _GNU_SOURCE 1
  
#include <ucontext.h>
#include <sys/ucontext.h>
  int main(int argc, char** argv) {
    ucontext_t ctx;
    return ctx.uc_mcontext.gregs[REG_RIP] == 0;
  }
