Performing C SOURCE FILE Test CompilePCFromUContext failed with the following output:
Change Dir: /home/wangq/Maiter-1/bin/release/CMakeFiles/CMakeTmp

Run Build Command:/usr/bin/make "cmTryCompileExec724925197/fast"
make[1]: Entering directory `/home/wangq/Maiter-1/bin/release/CMakeFiles/CMakeTmp'
/usr/bin/make -f CMakeFiles/cmTryCompileExec724925197.dir/build.make CMakeFiles/cmTryCompileExec724925197.dir/build
make[2]: Entering directory `/home/wangq/Maiter-1/bin/release/CMakeFiles/CMakeTmp'
/usr/bin/cmake -E cmake_progress_report /home/wangq/Maiter-1/bin/release/CMakeFiles/CMakeTmp/CMakeFiles 1
Building C object CMakeFiles/cmTryCompileExec724925197.dir/src.c.o
/usr/bin/cc   -DCompilePCFromUContext   -o CMakeFiles/cmTryCompileExec724925197.dir/src.c.o   -c /home/wangq/Maiter-1/bin/release/CMakeFiles/CMakeTmp/src.c
/home/wangq/Maiter-1/bin/release/CMakeFiles/CMakeTmp/src.c: In function 'main':
/home/wangq/Maiter-1/bin/release/CMakeFiles/CMakeTmp/src.c:8:34: error: 'REG_EIP' undeclared (first use in this function)
     return ctx.uc_mcontext.gregs[REG_EIP] == 0;
                                  ^
/home/wangq/Maiter-1/bin/release/CMakeFiles/CMakeTmp/src.c:8:34: note: each undeclared identifier is reported only once for each function it appears in
make[2]: *** [CMakeFiles/cmTryCompileExec724925197.dir/src.c.o] Error 1
make[2]: Leaving directory `/home/wangq/Maiter-1/bin/release/CMakeFiles/CMakeTmp'
make[1]: *** [cmTryCompileExec724925197/fast] Error 2
make[1]: Leaving directory `/home/wangq/Maiter-1/bin/release/CMakeFiles/CMakeTmp'

Source file was:

  #define _GNU_SOURCE 1
  
#include <ucontext.h>
#include <sys/ucontext.h>
  int main(int argc, char** argv) {
    ucontext_t ctx;
    return ctx.uc_mcontext.gregs[REG_EIP] == 0;
  }
Determining if the pthread_create exist failed with the following output:
Change Dir: /home/wangq/Maiter-1/bin/release/CMakeFiles/CMakeTmp

Run Build Command:/usr/bin/make "cmTryCompileExec2368941913/fast"
make[1]: Entering directory `/home/wangq/Maiter-1/bin/release/CMakeFiles/CMakeTmp'
/usr/bin/make -f CMakeFiles/cmTryCompileExec2368941913.dir/build.make CMakeFiles/cmTryCompileExec2368941913.dir/build
make[2]: Entering directory `/home/wangq/Maiter-1/bin/release/CMakeFiles/CMakeTmp'
/usr/bin/cmake -E cmake_progress_report /home/wangq/Maiter-1/bin/release/CMakeFiles/CMakeTmp/CMakeFiles 1
Building C object CMakeFiles/cmTryCompileExec2368941913.dir/CheckSymbolExists.c.o
/usr/bin/cc    -o CMakeFiles/cmTryCompileExec2368941913.dir/CheckSymbolExists.c.o   -c /home/wangq/Maiter-1/bin/release/CMakeFiles/CMakeTmp/CheckSymbolExists.c
Linking C executable cmTryCompileExec2368941913
/usr/bin/cmake -E cmake_link_script CMakeFiles/cmTryCompileExec2368941913.dir/link.txt --verbose=1
/usr/bin/cc       CMakeFiles/cmTryCompileExec2368941913.dir/CheckSymbolExists.c.o  -o cmTryCompileExec2368941913 -rdynamic 
CMakeFiles/cmTryCompileExec2368941913.dir/CheckSymbolExists.c.o: In function `main':
CheckSymbolExists.c:(.text+0x16): undefined reference to `pthread_create'
collect2: error: ld returned 1 exit status
make[2]: Leaving directory `/home/wangq/Maiter-1/bin/release/CMakeFiles/CMakeTmp'
make[2]: *** [cmTryCompileExec2368941913] Error 1
make[1]: Leaving directory `/home/wangq/Maiter-1/bin/release/CMakeFiles/CMakeTmp'
make[1]: *** [cmTryCompileExec2368941913/fast] Error 2

File /home/wangq/Maiter-1/bin/release/CMakeFiles/CMakeTmp/CheckSymbolExists.c:
/* */
#include <pthread.h>

int main(int argc, char** argv)
{
  (void)argv;
#ifndef pthread_create
  return ((int*)(&pthread_create))[argc];
#else
  (void)argc;
  return 0;
#endif
}

Determining if the function pthread_create exists in the pthreads failed with the following output:
Change Dir: /home/wangq/Maiter-1/bin/release/CMakeFiles/CMakeTmp

Run Build Command:/usr/bin/make "cmTryCompileExec3342128757/fast"
make[1]: Entering directory `/home/wangq/Maiter-1/bin/release/CMakeFiles/CMakeTmp'
/usr/bin/make -f CMakeFiles/cmTryCompileExec3342128757.dir/build.make CMakeFiles/cmTryCompileExec3342128757.dir/build
make[2]: Entering directory `/home/wangq/Maiter-1/bin/release/CMakeFiles/CMakeTmp'
/usr/bin/cmake -E cmake_progress_report /home/wangq/Maiter-1/bin/release/CMakeFiles/CMakeTmp/CMakeFiles 1
Building C object CMakeFiles/cmTryCompileExec3342128757.dir/CheckFunctionExists.c.o
/usr/bin/cc   -DCHECK_FUNCTION_EXISTS=pthread_create   -o CMakeFiles/cmTryCompileExec3342128757.dir/CheckFunctionExists.c.o   -c /usr/share/cmake-2.8/Modules/CheckFunctionExists.c
Linking C executable cmTryCompileExec3342128757
/usr/bin/cmake -E cmake_link_script CMakeFiles/cmTryCompileExec3342128757.dir/link.txt --verbose=1
/usr/bin/cc   -DCHECK_FUNCTION_EXISTS=pthread_create    CMakeFiles/cmTryCompileExec3342128757.dir/CheckFunctionExists.c.o  -o cmTryCompileExec3342128757 -rdynamic -lpthreads 
/usr/bin/ld: cannot find -lpthreads
collect2: error: ld returned 1 exit status
make[2]: Leaving directory `/home/wangq/Maiter-1/bin/release/CMakeFiles/CMakeTmp'
make[2]: *** [cmTryCompileExec3342128757] Error 1
make[1]: *** [cmTryCompileExec3342128757/fast] Error 2
make[1]: Leaving directory `/home/wangq/Maiter-1/bin/release/CMakeFiles/CMakeTmp'


Performing C SOURCE FILE Test CompilePCFromUContext failed with the following output:
Change Dir: /home/wangq/Maiter-1/bin/release/CMakeFiles/CMakeTmp

Run Build Command:/usr/bin/make "cmTryCompileExec2492186174/fast"
make[1]: Entering directory `/home/wangq/Maiter-1/bin/release/CMakeFiles/CMakeTmp'
/usr/bin/make -f CMakeFiles/cmTryCompileExec2492186174.dir/build.make CMakeFiles/cmTryCompileExec2492186174.dir/build
make[2]: Entering directory `/home/wangq/Maiter-1/bin/release/CMakeFiles/CMakeTmp'
/usr/bin/cmake -E cmake_progress_report /home/wangq/Maiter-1/bin/release/CMakeFiles/CMakeTmp/CMakeFiles 1
Building C object CMakeFiles/cmTryCompileExec2492186174.dir/src.c.o
/usr/bin/cc   -DCompilePCFromUContext   -o CMakeFiles/cmTryCompileExec2492186174.dir/src.c.o   -c /home/wangq/Maiter-1/bin/release/CMakeFiles/CMakeTmp/src.c
/home/wangq/Maiter-1/bin/release/CMakeFiles/CMakeTmp/src.c: In function 'main':
/home/wangq/Maiter-1/bin/release/CMakeFiles/CMakeTmp/src.c:8:34: error: 'REG_EIP' undeclared (first use in this function)
     return ctx.uc_mcontext.gregs[REG_EIP] == 0;
                                  ^
/home/wangq/Maiter-1/bin/release/CMakeFiles/CMakeTmp/src.c:8:34: note: each undeclared identifier is reported only once for each function it appears in
make[2]: *** [CMakeFiles/cmTryCompileExec2492186174.dir/src.c.o] Error 1
make[2]: Leaving directory `/home/wangq/Maiter-1/bin/release/CMakeFiles/CMakeTmp'
make[1]: Leaving directory `/home/wangq/Maiter-1/bin/release/CMakeFiles/CMakeTmp'
make[1]: *** [cmTryCompileExec2492186174/fast] Error 2

Source file was:

  #define _GNU_SOURCE 1
  
#include <ucontext.h>
#include <sys/ucontext.h>
  int main(int argc, char** argv) {
    ucontext_t ctx;
    return ctx.uc_mcontext.gregs[REG_EIP] == 0;
  }
Performing C SOURCE FILE Test CompilePCFromUContext failed with the following output:
Change Dir: /home/wangq/Maiter-1/bin/release/CMakeFiles/CMakeTmp

Run Build Command:/usr/bin/make "cmTryCompileExec2073776595/fast"
make[1]: Entering directory `/home/wangq/Maiter-1/bin/release/CMakeFiles/CMakeTmp'
/usr/bin/make -f CMakeFiles/cmTryCompileExec2073776595.dir/build.make CMakeFiles/cmTryCompileExec2073776595.dir/build
make[2]: Entering directory `/home/wangq/Maiter-1/bin/release/CMakeFiles/CMakeTmp'
/usr/bin/cmake -E cmake_progress_report /home/wangq/Maiter-1/bin/release/CMakeFiles/CMakeTmp/CMakeFiles 1
Building C object CMakeFiles/cmTryCompileExec2073776595.dir/src.c.o
/usr/bin/cc   -DCompilePCFromUContext   -o CMakeFiles/cmTryCompileExec2073776595.dir/src.c.o   -c /home/wangq/Maiter-1/bin/release/CMakeFiles/CMakeTmp/src.c
/home/wangq/Maiter-1/bin/release/CMakeFiles/CMakeTmp/src.c: In function 'main':
/home/wangq/Maiter-1/bin/release/CMakeFiles/CMakeTmp/src.c:8:34: error: 'REG_EIP' undeclared (first use in this function)
     return ctx.uc_mcontext.gregs[REG_EIP] == 0;
                                  ^
/home/wangq/Maiter-1/bin/release/CMakeFiles/CMakeTmp/src.c:8:34: note: each undeclared identifier is reported only once for each function it appears in
make[2]: *** [CMakeFiles/cmTryCompileExec2073776595.dir/src.c.o] Error 1
make[2]: Leaving directory `/home/wangq/Maiter-1/bin/release/CMakeFiles/CMakeTmp'
make[1]: *** [cmTryCompileExec2073776595/fast] Error 2
make[1]: Leaving directory `/home/wangq/Maiter-1/bin/release/CMakeFiles/CMakeTmp'

Source file was:

  #define _GNU_SOURCE 1
  
#include <ucontext.h>
#include <sys/ucontext.h>
  int main(int argc, char** argv) {
    ucontext_t ctx;
    return ctx.uc_mcontext.gregs[REG_EIP] == 0;
  }
Performing C SOURCE FILE Test CompilePCFromUContext failed with the following output:
Change Dir: /home/wangq/Maiter-1/bin/release/CMakeFiles/CMakeTmp

Run Build Command:/usr/bin/make "cmTryCompileExec2314322763/fast"
make[1]: Entering directory `/home/wangq/Maiter-1/bin/release/CMakeFiles/CMakeTmp'
/usr/bin/make -f CMakeFiles/cmTryCompileExec2314322763.dir/build.make CMakeFiles/cmTryCompileExec2314322763.dir/build
make[2]: Entering directory `/home/wangq/Maiter-1/bin/release/CMakeFiles/CMakeTmp'
/usr/bin/cmake -E cmake_progress_report /home/wangq/Maiter-1/bin/release/CMakeFiles/CMakeTmp/CMakeFiles 1
Building C object CMakeFiles/cmTryCompileExec2314322763.dir/src.c.o
/usr/bin/cc   -DCompilePCFromUContext   -o CMakeFiles/cmTryCompileExec2314322763.dir/src.c.o   -c /home/wangq/Maiter-1/bin/release/CMakeFiles/CMakeTmp/src.c
/home/wangq/Maiter-1/bin/release/CMakeFiles/CMakeTmp/src.c: In function 'main':
/home/wangq/Maiter-1/bin/release/CMakeFiles/CMakeTmp/src.c:8:34: error: 'REG_EIP' undeclared (first use in this function)
     return ctx.uc_mcontext.gregs[REG_EIP] == 0;
                                  ^
/home/wangq/Maiter-1/bin/release/CMakeFiles/CMakeTmp/src.c:8:34: note: each undeclared identifier is reported only once for each function it appears in
make[2]: *** [CMakeFiles/cmTryCompileExec2314322763.dir/src.c.o] Error 1
make[2]: Leaving directory `/home/wangq/Maiter-1/bin/release/CMakeFiles/CMakeTmp'
make[1]: *** [cmTryCompileExec2314322763/fast] Error 2
make[1]: Leaving directory `/home/wangq/Maiter-1/bin/release/CMakeFiles/CMakeTmp'

Source file was:

  #define _GNU_SOURCE 1
  
#include <ucontext.h>
#include <sys/ucontext.h>
  int main(int argc, char** argv) {
    ucontext_t ctx;
    return ctx.uc_mcontext.gregs[REG_EIP] == 0;
  }
Performing C SOURCE FILE Test CompilePCFromUContext failed with the following output:
Change Dir: /home/wangq/Maiter-1/bin/release/CMakeFiles/CMakeTmp

Run Build Command:/usr/bin/make "cmTryCompileExec20946994/fast"
make[1]: Entering directory `/home/wangq/Maiter-1/bin/release/CMakeFiles/CMakeTmp'
/usr/bin/make -f CMakeFiles/cmTryCompileExec20946994.dir/build.make CMakeFiles/cmTryCompileExec20946994.dir/build
make[2]: Entering directory `/home/wangq/Maiter-1/bin/release/CMakeFiles/CMakeTmp'
/usr/bin/cmake -E cmake_progress_report /home/wangq/Maiter-1/bin/release/CMakeFiles/CMakeTmp/CMakeFiles 1
Building C object CMakeFiles/cmTryCompileExec20946994.dir/src.c.o
/usr/bin/cc   -DCompilePCFromUContext   -o CMakeFiles/cmTryCompileExec20946994.dir/src.c.o   -c /home/wangq/Maiter-1/bin/release/CMakeFiles/CMakeTmp/src.c
/home/wangq/Maiter-1/bin/release/CMakeFiles/CMakeTmp/src.c: In function 'main':
/home/wangq/Maiter-1/bin/release/CMakeFiles/CMakeTmp/src.c:8:34: error: 'REG_EIP' undeclared (first use in this function)
     return ctx.uc_mcontext.gregs[REG_EIP] == 0;
                                  ^
/home/wangq/Maiter-1/bin/release/CMakeFiles/CMakeTmp/src.c:8:34: note: each undeclared identifier is reported only once for each function it appears in
make[2]: *** [CMakeFiles/cmTryCompileExec20946994.dir/src.c.o] Error 1
make[2]: Leaving directory `/home/wangq/Maiter-1/bin/release/CMakeFiles/CMakeTmp'
make[1]: *** [cmTryCompileExec20946994/fast] Error 2
make[1]: Leaving directory `/home/wangq/Maiter-1/bin/release/CMakeFiles/CMakeTmp'

Source file was:

  #define _GNU_SOURCE 1
  
#include <ucontext.h>
#include <sys/ucontext.h>
  int main(int argc, char** argv) {
    ucontext_t ctx;
    return ctx.uc_mcontext.gregs[REG_EIP] == 0;
  }
Performing C SOURCE FILE Test CompilePCFromUContext failed with the following output:
Change Dir: /home/wangq/Maiter-1/bin/release/CMakeFiles/CMakeTmp

Run Build Command:/usr/bin/make "cmTryCompileExec1110485821/fast"
make[1]: Entering directory `/home/wangq/Maiter-1/bin/release/CMakeFiles/CMakeTmp'
/usr/bin/make -f CMakeFiles/cmTryCompileExec1110485821.dir/build.make CMakeFiles/cmTryCompileExec1110485821.dir/build
make[2]: Entering directory `/home/wangq/Maiter-1/bin/release/CMakeFiles/CMakeTmp'
/usr/bin/cmake -E cmake_progress_report /home/wangq/Maiter-1/bin/release/CMakeFiles/CMakeTmp/CMakeFiles 1
Building C object CMakeFiles/cmTryCompileExec1110485821.dir/src.c.o
/usr/bin/cc   -DCompilePCFromUContext   -o CMakeFiles/cmTryCompileExec1110485821.dir/src.c.o   -c /home/wangq/Maiter-1/bin/release/CMakeFiles/CMakeTmp/src.c
/home/wangq/Maiter-1/bin/release/CMakeFiles/CMakeTmp/src.c: In function 'main':
/home/wangq/Maiter-1/bin/release/CMakeFiles/CMakeTmp/src.c:8:34: error: 'REG_EIP' undeclared (first use in this function)
     return ctx.uc_mcontext.gregs[REG_EIP] == 0;
                                  ^
/home/wangq/Maiter-1/bin/release/CMakeFiles/CMakeTmp/src.c:8:34: note: each undeclared identifier is reported only once for each function it appears in
make[2]: *** [CMakeFiles/cmTryCompileExec1110485821.dir/src.c.o] Error 1
make[2]: Leaving directory `/home/wangq/Maiter-1/bin/release/CMakeFiles/CMakeTmp'
make[1]: *** [cmTryCompileExec1110485821/fast] Error 2
make[1]: Leaving directory `/home/wangq/Maiter-1/bin/release/CMakeFiles/CMakeTmp'

Source file was:

  #define _GNU_SOURCE 1
  
#include <ucontext.h>
#include <sys/ucontext.h>
  int main(int argc, char** argv) {
    ucontext_t ctx;
    return ctx.uc_mcontext.gregs[REG_EIP] == 0;
  }
Performing C SOURCE FILE Test CompilePCFromUContext failed with the following output:
Change Dir: /home/wangq/Maiter-1/bin/release/CMakeFiles/CMakeTmp

Run Build Command:/usr/bin/make "cmTryCompileExec3152180656/fast"
make[1]: Entering directory `/home/wangq/Maiter-1/bin/release/CMakeFiles/CMakeTmp'
/usr/bin/make -f CMakeFiles/cmTryCompileExec3152180656.dir/build.make CMakeFiles/cmTryCompileExec3152180656.dir/build
make[2]: Entering directory `/home/wangq/Maiter-1/bin/release/CMakeFiles/CMakeTmp'
/usr/bin/cmake -E cmake_progress_report /home/wangq/Maiter-1/bin/release/CMakeFiles/CMakeTmp/CMakeFiles 1
Building C object CMakeFiles/cmTryCompileExec3152180656.dir/src.c.o
/usr/bin/cc   -DCompilePCFromUContext   -o CMakeFiles/cmTryCompileExec3152180656.dir/src.c.o   -c /home/wangq/Maiter-1/bin/release/CMakeFiles/CMakeTmp/src.c
/home/wangq/Maiter-1/bin/release/CMakeFiles/CMakeTmp/src.c: In function 'main':
/home/wangq/Maiter-1/bin/release/CMakeFiles/CMakeTmp/src.c:8:34: error: 'REG_EIP' undeclared (first use in this function)
     return ctx.uc_mcontext.gregs[REG_EIP] == 0;
                                  ^
/home/wangq/Maiter-1/bin/release/CMakeFiles/CMakeTmp/src.c:8:34: note: each undeclared identifier is reported only once for each function it appears in
make[2]: *** [CMakeFiles/cmTryCompileExec3152180656.dir/src.c.o] Error 1
make[2]: Leaving directory `/home/wangq/Maiter-1/bin/release/CMakeFiles/CMakeTmp'
make[1]: *** [cmTryCompileExec3152180656/fast] Error 2
make[1]: Leaving directory `/home/wangq/Maiter-1/bin/release/CMakeFiles/CMakeTmp'

Source file was:

  #define _GNU_SOURCE 1
  
#include <ucontext.h>
#include <sys/ucontext.h>
  int main(int argc, char** argv) {
    ucontext_t ctx;
    return ctx.uc_mcontext.gregs[REG_EIP] == 0;
  }
Performing C SOURCE FILE Test CompilePCFromUContext failed with the following output:
Change Dir: /home/wangq/Maiter-1/bin/release/CMakeFiles/CMakeTmp

Run Build Command:/usr/bin/make "cmTryCompileExec2817266744/fast"
make[1]: Entering directory `/home/wangq/Maiter-1/bin/release/CMakeFiles/CMakeTmp'
/usr/bin/make -f CMakeFiles/cmTryCompileExec2817266744.dir/build.make CMakeFiles/cmTryCompileExec2817266744.dir/build
make[2]: Entering directory `/home/wangq/Maiter-1/bin/release/CMakeFiles/CMakeTmp'
/usr/bin/cmake -E cmake_progress_report /home/wangq/Maiter-1/bin/release/CMakeFiles/CMakeTmp/CMakeFiles 1
Building C object CMakeFiles/cmTryCompileExec2817266744.dir/src.c.o
/usr/bin/cc   -DCompilePCFromUContext   -o CMakeFiles/cmTryCompileExec2817266744.dir/src.c.o   -c /home/wangq/Maiter-1/bin/release/CMakeFiles/CMakeTmp/src.c
/home/wangq/Maiter-1/bin/release/CMakeFiles/CMakeTmp/src.c: In function 'main':
/home/wangq/Maiter-1/bin/release/CMakeFiles/CMakeTmp/src.c:8:34: error: 'REG_EIP' undeclared (first use in this function)
     return ctx.uc_mcontext.gregs[REG_EIP] == 0;
                                  ^
/home/wangq/Maiter-1/bin/release/CMakeFiles/CMakeTmp/src.c:8:34: note: each undeclared identifier is reported only once for each function it appears in
make[2]: Leaving directory `/home/wangq/Maiter-1/bin/release/CMakeFiles/CMakeTmp'
make[1]: Leaving directory `/home/wangq/Maiter-1/bin/release/CMakeFiles/CMakeTmp'
make[2]: *** [CMakeFiles/cmTryCompileExec2817266744.dir/src.c.o] Error 1
make[1]: *** [cmTryCompileExec2817266744/fast] Error 2

Source file was:

  #define _GNU_SOURCE 1
  
#include <ucontext.h>
#include <sys/ucontext.h>
  int main(int argc, char** argv) {
    ucontext_t ctx;
    return ctx.uc_mcontext.gregs[REG_EIP] == 0;
  }
Performing C SOURCE FILE Test CompilePCFromUContext failed with the following output:
Change Dir: /home/wangq/Maiter-1/bin/release/CMakeFiles/CMakeTmp

Run Build Command:/usr/bin/make "cmTryCompileExec3409176708/fast"
make[1]: Entering directory `/home/wangq/Maiter-1/bin/release/CMakeFiles/CMakeTmp'
/usr/bin/make -f CMakeFiles/cmTryCompileExec3409176708.dir/build.make CMakeFiles/cmTryCompileExec3409176708.dir/build
make[2]: Entering directory `/home/wangq/Maiter-1/bin/release/CMakeFiles/CMakeTmp'
/usr/bin/cmake -E cmake_progress_report /home/wangq/Maiter-1/bin/release/CMakeFiles/CMakeTmp/CMakeFiles 1
Building C object CMakeFiles/cmTryCompileExec3409176708.dir/src.c.o
/usr/bin/cc   -DCompilePCFromUContext   -o CMakeFiles/cmTryCompileExec3409176708.dir/src.c.o   -c /home/wangq/Maiter-1/bin/release/CMakeFiles/CMakeTmp/src.c
/home/wangq/Maiter-1/bin/release/CMakeFiles/CMakeTmp/src.c: In function 'main':
/home/wangq/Maiter-1/bin/release/CMakeFiles/CMakeTmp/src.c:8:34: error: 'REG_EIP' undeclared (first use in this function)
     return ctx.uc_mcontext.gregs[REG_EIP] == 0;
                                  ^
/home/wangq/Maiter-1/bin/release/CMakeFiles/CMakeTmp/src.c:8:34: note: each undeclared identifier is reported only once for each function it appears in
make[2]: *** [CMakeFiles/cmTryCompileExec3409176708.dir/src.c.o] Error 1
make[2]: Leaving directory `/home/wangq/Maiter-1/bin/release/CMakeFiles/CMakeTmp'
make[1]: *** [cmTryCompileExec3409176708/fast] Error 2
make[1]: Leaving directory `/home/wangq/Maiter-1/bin/release/CMakeFiles/CMakeTmp'

Source file was:

  #define _GNU_SOURCE 1
  
#include <ucontext.h>
#include <sys/ucontext.h>
  int main(int argc, char** argv) {
    ucontext_t ctx;
    return ctx.uc_mcontext.gregs[REG_EIP] == 0;
  }
Performing C SOURCE FILE Test CompilePCFromUContext failed with the following output:
Change Dir: /home/wangq/Maiter-1/bin/release/CMakeFiles/CMakeTmp

Run Build Command:/usr/bin/make "cmTryCompileExec2897133376/fast"
make[1]: Entering directory `/home/wangq/Maiter-1/bin/release/CMakeFiles/CMakeTmp'
/usr/bin/make -f CMakeFiles/cmTryCompileExec2897133376.dir/build.make CMakeFiles/cmTryCompileExec2897133376.dir/build
make[2]: Entering directory `/home/wangq/Maiter-1/bin/release/CMakeFiles/CMakeTmp'
/usr/bin/cmake -E cmake_progress_report /home/wangq/Maiter-1/bin/release/CMakeFiles/CMakeTmp/CMakeFiles 1
Building C object CMakeFiles/cmTryCompileExec2897133376.dir/src.c.o
/usr/bin/cc   -DCompilePCFromUContext   -o CMakeFiles/cmTryCompileExec2897133376.dir/src.c.o   -c /home/wangq/Maiter-1/bin/release/CMakeFiles/CMakeTmp/src.c
/home/wangq/Maiter-1/bin/release/CMakeFiles/CMakeTmp/src.c: In function 'main':
/home/wangq/Maiter-1/bin/release/CMakeFiles/CMakeTmp/src.c:8:34: error: 'REG_EIP' undeclared (first use in this function)
     return ctx.uc_mcontext.gregs[REG_EIP] == 0;
                                  ^
/home/wangq/Maiter-1/bin/release/CMakeFiles/CMakeTmp/src.c:8:34: note: each undeclared identifier is reported only once for each function it appears in
make[2]: *** [CMakeFiles/cmTryCompileExec2897133376.dir/src.c.o] Error 1
make[2]: Leaving directory `/home/wangq/Maiter-1/bin/release/CMakeFiles/CMakeTmp'
make[1]: *** [cmTryCompileExec2897133376/fast] Error 2
make[1]: Leaving directory `/home/wangq/Maiter-1/bin/release/CMakeFiles/CMakeTmp'

Source file was:

  #define _GNU_SOURCE 1
  
#include <ucontext.h>
#include <sys/ucontext.h>
  int main(int argc, char** argv) {
    ucontext_t ctx;
    return ctx.uc_mcontext.gregs[REG_EIP] == 0;
  }
Performing C SOURCE FILE Test CompilePCFromUContext failed with the following output:
Change Dir: /home/wangq/Maiter-1/bin/release/CMakeFiles/CMakeTmp

Run Build Command:/usr/bin/make "cmTryCompileExec3469811537/fast"
make[1]: Entering directory `/home/wangq/Maiter-1/bin/release/CMakeFiles/CMakeTmp'
/usr/bin/make -f CMakeFiles/cmTryCompileExec3469811537.dir/build.make CMakeFiles/cmTryCompileExec3469811537.dir/build
make[2]: Entering directory `/home/wangq/Maiter-1/bin/release/CMakeFiles/CMakeTmp'
/usr/bin/cmake -E cmake_progress_report /home/wangq/Maiter-1/bin/release/CMakeFiles/CMakeTmp/CMakeFiles 1
Building C object CMakeFiles/cmTryCompileExec3469811537.dir/src.c.o
/usr/bin/cc   -DCompilePCFromUContext   -o CMakeFiles/cmTryCompileExec3469811537.dir/src.c.o   -c /home/wangq/Maiter-1/bin/release/CMakeFiles/CMakeTmp/src.c
/home/wangq/Maiter-1/bin/release/CMakeFiles/CMakeTmp/src.c: In function 'main':
/home/wangq/Maiter-1/bin/release/CMakeFiles/CMakeTmp/src.c:8:34: error: 'REG_EIP' undeclared (first use in this function)
     return ctx.uc_mcontext.gregs[REG_EIP] == 0;
                                  ^
/home/wangq/Maiter-1/bin/release/CMakeFiles/CMakeTmp/src.c:8:34: note: each undeclared identifier is reported only once for each function it appears in
make[2]: Leaving directory `/home/wangq/Maiter-1/bin/release/CMakeFiles/CMakeTmp'
make[2]: *** [CMakeFiles/cmTryCompileExec3469811537.dir/src.c.o] Error 1
make[1]: Leaving directory `/home/wangq/Maiter-1/bin/release/CMakeFiles/CMakeTmp'
make[1]: *** [cmTryCompileExec3469811537/fast] Error 2

Source file was:

  #define _GNU_SOURCE 1
  
#include <ucontext.h>
#include <sys/ucontext.h>
  int main(int argc, char** argv) {
    ucontext_t ctx;
    return ctx.uc_mcontext.gregs[REG_EIP] == 0;
  }
Performing C SOURCE FILE Test CompilePCFromUContext failed with the following output:
Change Dir: /home/wangq/Maiter-1/bin/release/CMakeFiles/CMakeTmp

Run Build Command:/usr/bin/make "cmTryCompileExec3592141358/fast"
make[1]: Entering directory `/home/wangq/Maiter-1/bin/release/CMakeFiles/CMakeTmp'
/usr/bin/make -f CMakeFiles/cmTryCompileExec3592141358.dir/build.make CMakeFiles/cmTryCompileExec3592141358.dir/build
make[2]: Entering directory `/home/wangq/Maiter-1/bin/release/CMakeFiles/CMakeTmp'
/usr/bin/cmake -E cmake_progress_report /home/wangq/Maiter-1/bin/release/CMakeFiles/CMakeTmp/CMakeFiles 1
Building C object CMakeFiles/cmTryCompileExec3592141358.dir/src.c.o
/usr/bin/cc   -DCompilePCFromUContext   -o CMakeFiles/cmTryCompileExec3592141358.dir/src.c.o   -c /home/wangq/Maiter-1/bin/release/CMakeFiles/CMakeTmp/src.c
/home/wangq/Maiter-1/bin/release/CMakeFiles/CMakeTmp/src.c: In function 'main':
/home/wangq/Maiter-1/bin/release/CMakeFiles/CMakeTmp/src.c:8:34: error: 'REG_EIP' undeclared (first use in this function)
     return ctx.uc_mcontext.gregs[REG_EIP] == 0;
                                  ^
/home/wangq/Maiter-1/bin/release/CMakeFiles/CMakeTmp/src.c:8:34: note: each undeclared identifier is reported only once for each function it appears in
make[2]: Leaving directory `/home/wangq/Maiter-1/bin/release/CMakeFiles/CMakeTmp'
make[2]: *** [CMakeFiles/cmTryCompileExec3592141358.dir/src.c.o] Error 1
make[1]: Leaving directory `/home/wangq/Maiter-1/bin/release/CMakeFiles/CMakeTmp'
make[1]: *** [cmTryCompileExec3592141358/fast] Error 2

Source file was:

  #define _GNU_SOURCE 1
  
#include <ucontext.h>
#include <sys/ucontext.h>
  int main(int argc, char** argv) {
    ucontext_t ctx;
    return ctx.uc_mcontext.gregs[REG_EIP] == 0;
  }
Performing C SOURCE FILE Test CompilePCFromUContext failed with the following output:
Change Dir: /home/wangq/Maiter-1/bin/release/CMakeFiles/CMakeTmp

Run Build Command:/usr/bin/make "cmTryCompileExec205075830/fast"
make[1]: Entering directory `/home/wangq/Maiter-1/bin/release/CMakeFiles/CMakeTmp'
/usr/bin/make -f CMakeFiles/cmTryCompileExec205075830.dir/build.make CMakeFiles/cmTryCompileExec205075830.dir/build
make[2]: Entering directory `/home/wangq/Maiter-1/bin/release/CMakeFiles/CMakeTmp'
/usr/bin/cmake -E cmake_progress_report /home/wangq/Maiter-1/bin/release/CMakeFiles/CMakeTmp/CMakeFiles 1
Building C object CMakeFiles/cmTryCompileExec205075830.dir/src.c.o
/usr/bin/cc   -DCompilePCFromUContext   -o CMakeFiles/cmTryCompileExec205075830.dir/src.c.o   -c /home/wangq/Maiter-1/bin/release/CMakeFiles/CMakeTmp/src.c
/home/wangq/Maiter-1/bin/release/CMakeFiles/CMakeTmp/src.c: In function 'main':
/home/wangq/Maiter-1/bin/release/CMakeFiles/CMakeTmp/src.c:8:34: error: 'REG_EIP' undeclared (first use in this function)
     return ctx.uc_mcontext.gregs[REG_EIP] == 0;
                                  ^
/home/wangq/Maiter-1/bin/release/CMakeFiles/CMakeTmp/src.c:8:34: note: each undeclared identifier is reported only once for each function it appears in
make[2]: *** [CMakeFiles/cmTryCompileExec205075830.dir/src.c.o] Error 1
make[2]: Leaving directory `/home/wangq/Maiter-1/bin/release/CMakeFiles/CMakeTmp'
make[1]: *** [cmTryCompileExec205075830/fast] Error 2
make[1]: Leaving directory `/home/wangq/Maiter-1/bin/release/CMakeFiles/CMakeTmp'

Source file was:

  #define _GNU_SOURCE 1
  
#include <ucontext.h>
#include <sys/ucontext.h>
  int main(int argc, char** argv) {
    ucontext_t ctx;
    return ctx.uc_mcontext.gregs[REG_EIP] == 0;
  }
Performing C SOURCE FILE Test CompilePCFromUContext failed with the following output:
Change Dir: /home/wangq/Maiter-1/bin/release/CMakeFiles/CMakeTmp

Run Build Command:/usr/bin/make "cmTryCompileExec2153038767/fast"
make[1]: Entering directory `/home/wangq/Maiter-1/bin/release/CMakeFiles/CMakeTmp'
/usr/bin/make -f CMakeFiles/cmTryCompileExec2153038767.dir/build.make CMakeFiles/cmTryCompileExec2153038767.dir/build
make[2]: Entering directory `/home/wangq/Maiter-1/bin/release/CMakeFiles/CMakeTmp'
/usr/bin/cmake -E cmake_progress_report /home/wangq/Maiter-1/bin/release/CMakeFiles/CMakeTmp/CMakeFiles 1
Building C object CMakeFiles/cmTryCompileExec2153038767.dir/src.c.o
/usr/bin/cc   -DCompilePCFromUContext   -o CMakeFiles/cmTryCompileExec2153038767.dir/src.c.o   -c /home/wangq/Maiter-1/bin/release/CMakeFiles/CMakeTmp/src.c
/home/wangq/Maiter-1/bin/release/CMakeFiles/CMakeTmp/src.c: In function 'main':
/home/wangq/Maiter-1/bin/release/CMakeFiles/CMakeTmp/src.c:8:34: error: 'REG_EIP' undeclared (first use in this function)
     return ctx.uc_mcontext.gregs[REG_EIP] == 0;
                                  ^
/home/wangq/Maiter-1/bin/release/CMakeFiles/CMakeTmp/src.c:8:34: note: each undeclared identifier is reported only once for each function it appears in
make[2]: Leaving directory `/home/wangq/Maiter-1/bin/release/CMakeFiles/CMakeTmp'
make[2]: *** [CMakeFiles/cmTryCompileExec2153038767.dir/src.c.o] Error 1
make[1]: Leaving directory `/home/wangq/Maiter-1/bin/release/CMakeFiles/CMakeTmp'
make[1]: *** [cmTryCompileExec2153038767/fast] Error 2

Source file was:

  #define _GNU_SOURCE 1
  
#include <ucontext.h>
#include <sys/ucontext.h>
  int main(int argc, char** argv) {
    ucontext_t ctx;
    return ctx.uc_mcontext.gregs[REG_EIP] == 0;
  }
Performing C SOURCE FILE Test CompilePCFromUContext failed with the following output:
Change Dir: /home/wangq/Maiter-1/bin/release/CMakeFiles/CMakeTmp

Run Build Command:/usr/bin/make "cmTryCompileExec1916975373/fast"
make[1]: Entering directory `/home/wangq/Maiter-1/bin/release/CMakeFiles/CMakeTmp'
/usr/bin/make -f CMakeFiles/cmTryCompileExec1916975373.dir/build.make CMakeFiles/cmTryCompileExec1916975373.dir/build
make[2]: Entering directory `/home/wangq/Maiter-1/bin/release/CMakeFiles/CMakeTmp'
/usr/bin/cmake -E cmake_progress_report /home/wangq/Maiter-1/bin/release/CMakeFiles/CMakeTmp/CMakeFiles 1
Building C object CMakeFiles/cmTryCompileExec1916975373.dir/src.c.o
/usr/bin/cc   -DCompilePCFromUContext   -o CMakeFiles/cmTryCompileExec1916975373.dir/src.c.o   -c /home/wangq/Maiter-1/bin/release/CMakeFiles/CMakeTmp/src.c
/home/wangq/Maiter-1/bin/release/CMakeFiles/CMakeTmp/src.c: In function 'main':
/home/wangq/Maiter-1/bin/release/CMakeFiles/CMakeTmp/src.c:8:34: error: 'REG_EIP' undeclared (first use in this function)
     return ctx.uc_mcontext.gregs[REG_EIP] == 0;
                                  ^
/home/wangq/Maiter-1/bin/release/CMakeFiles/CMakeTmp/src.c:8:34: note: each undeclared identifier is reported only once for each function it appears in
make[2]: Leaving directory `/home/wangq/Maiter-1/bin/release/CMakeFiles/CMakeTmp'
make[1]: Leaving directory `/home/wangq/Maiter-1/bin/release/CMakeFiles/CMakeTmp'
make[2]: *** [CMakeFiles/cmTryCompileExec1916975373.dir/src.c.o] Error 1
make[1]: *** [cmTryCompileExec1916975373/fast] Error 2

Source file was:

  #define _GNU_SOURCE 1
  
#include <ucontext.h>
#include <sys/ucontext.h>
  int main(int argc, char** argv) {
    ucontext_t ctx;
    return ctx.uc_mcontext.gregs[REG_EIP] == 0;
  }
Performing C SOURCE FILE Test CompilePCFromUContext failed with the following output:
Change Dir: /home/wangq/Maiter-1/bin/release/CMakeFiles/CMakeTmp

Run Build Command:/usr/bin/make "cmTryCompileExec480657547/fast"
make[1]: Entering directory `/home/wangq/Maiter-1/bin/release/CMakeFiles/CMakeTmp'
/usr/bin/make -f CMakeFiles/cmTryCompileExec480657547.dir/build.make CMakeFiles/cmTryCompileExec480657547.dir/build
make[2]: Entering directory `/home/wangq/Maiter-1/bin/release/CMakeFiles/CMakeTmp'
/usr/bin/cmake -E cmake_progress_report /home/wangq/Maiter-1/bin/release/CMakeFiles/CMakeTmp/CMakeFiles 1
Building C object CMakeFiles/cmTryCompileExec480657547.dir/src.c.o
/usr/bin/cc   -DCompilePCFromUContext   -o CMakeFiles/cmTryCompileExec480657547.dir/src.c.o   -c /home/wangq/Maiter-1/bin/release/CMakeFiles/CMakeTmp/src.c
/home/wangq/Maiter-1/bin/release/CMakeFiles/CMakeTmp/src.c: In function 'main':
/home/wangq/Maiter-1/bin/release/CMakeFiles/CMakeTmp/src.c:8:34: error: 'REG_EIP' undeclared (first use in this function)
     return ctx.uc_mcontext.gregs[REG_EIP] == 0;
                                  ^
/home/wangq/Maiter-1/bin/release/CMakeFiles/CMakeTmp/src.c:8:34: note: each undeclared identifier is reported only once for each function it appears in
make[2]: *** [CMakeFiles/cmTryCompileExec480657547.dir/src.c.o] Error 1
make[2]: Leaving directory `/home/wangq/Maiter-1/bin/release/CMakeFiles/CMakeTmp'
make[1]: *** [cmTryCompileExec480657547/fast] Error 2
make[1]: Leaving directory `/home/wangq/Maiter-1/bin/release/CMakeFiles/CMakeTmp'

Source file was:

  #define _GNU_SOURCE 1
  
#include <ucontext.h>
#include <sys/ucontext.h>
  int main(int argc, char** argv) {
    ucontext_t ctx;
    return ctx.uc_mcontext.gregs[REG_EIP] == 0;
  }
Performing C SOURCE FILE Test CompilePCFromUContext failed with the following output:
Change Dir: /home/wangq/Maiter-1/bin/release/CMakeFiles/CMakeTmp

Run Build Command:/usr/bin/make "cmTryCompileExec3894776420/fast"
make[1]: Entering directory `/home/wangq/Maiter-1/bin/release/CMakeFiles/CMakeTmp'
/usr/bin/make -f CMakeFiles/cmTryCompileExec3894776420.dir/build.make CMakeFiles/cmTryCompileExec3894776420.dir/build
make[2]: Entering directory `/home/wangq/Maiter-1/bin/release/CMakeFiles/CMakeTmp'
/usr/bin/cmake -E cmake_progress_report /home/wangq/Maiter-1/bin/release/CMakeFiles/CMakeTmp/CMakeFiles 1
Building C object CMakeFiles/cmTryCompileExec3894776420.dir/src.c.o
/usr/bin/cc   -DCompilePCFromUContext   -o CMakeFiles/cmTryCompileExec3894776420.dir/src.c.o   -c /home/wangq/Maiter-1/bin/release/CMakeFiles/CMakeTmp/src.c
/home/wangq/Maiter-1/bin/release/CMakeFiles/CMakeTmp/src.c: In function 'main':
/home/wangq/Maiter-1/bin/release/CMakeFiles/CMakeTmp/src.c:8:34: error: 'REG_EIP' undeclared (first use in this function)
     return ctx.uc_mcontext.gregs[REG_EIP] == 0;
                                  ^
/home/wangq/Maiter-1/bin/release/CMakeFiles/CMakeTmp/src.c:8:34: note: each undeclared identifier is reported only once for each function it appears in
make[2]: *** [CMakeFiles/cmTryCompileExec3894776420.dir/src.c.o] Error 1
make[2]: Leaving directory `/home/wangq/Maiter-1/bin/release/CMakeFiles/CMakeTmp'
make[1]: *** [cmTryCompileExec3894776420/fast] Error 2
make[1]: Leaving directory `/home/wangq/Maiter-1/bin/release/CMakeFiles/CMakeTmp'

Source file was:

  #define _GNU_SOURCE 1
  
#include <ucontext.h>
#include <sys/ucontext.h>
  int main(int argc, char** argv) {
    ucontext_t ctx;
    return ctx.uc_mcontext.gregs[REG_EIP] == 0;
  }
Performing C SOURCE FILE Test CompilePCFromUContext failed with the following output:
Change Dir: /home/wangq/Maiter-1/bin/release/CMakeFiles/CMakeTmp

Run Build Command:/usr/bin/make "cmTryCompileExec1768792164/fast"
make[1]: Entering directory `/home/wangq/Maiter-1/bin/release/CMakeFiles/CMakeTmp'
/usr/bin/make -f CMakeFiles/cmTryCompileExec1768792164.dir/build.make CMakeFiles/cmTryCompileExec1768792164.dir/build
make[2]: Entering directory `/home/wangq/Maiter-1/bin/release/CMakeFiles/CMakeTmp'
/usr/bin/cmake -E cmake_progress_report /home/wangq/Maiter-1/bin/release/CMakeFiles/CMakeTmp/CMakeFiles 1
Building C object CMakeFiles/cmTryCompileExec1768792164.dir/src.c.o
/usr/bin/cc   -DCompilePCFromUContext   -o CMakeFiles/cmTryCompileExec1768792164.dir/src.c.o   -c /home/wangq/Maiter-1/bin/release/CMakeFiles/CMakeTmp/src.c
/home/wangq/Maiter-1/bin/release/CMakeFiles/CMakeTmp/src.c: In function 'main':
/home/wangq/Maiter-1/bin/release/CMakeFiles/CMakeTmp/src.c:8:34: error: 'REG_EIP' undeclared (first use in this function)
     return ctx.uc_mcontext.gregs[REG_EIP] == 0;
                                  ^
/home/wangq/Maiter-1/bin/release/CMakeFiles/CMakeTmp/src.c:8:34: note: each undeclared identifier is reported only once for each function it appears in
make[2]: *** [CMakeFiles/cmTryCompileExec1768792164.dir/src.c.o] Error 1
make[2]: Leaving directory `/home/wangq/Maiter-1/bin/release/CMakeFiles/CMakeTmp'
make[1]: *** [cmTryCompileExec1768792164/fast] Error 2
make[1]: Leaving directory `/home/wangq/Maiter-1/bin/release/CMakeFiles/CMakeTmp'

Source file was:

  #define _GNU_SOURCE 1
  
#include <ucontext.h>
#include <sys/ucontext.h>
  int main(int argc, char** argv) {
    ucontext_t ctx;
    return ctx.uc_mcontext.gregs[REG_EIP] == 0;
  }
Performing C SOURCE FILE Test CompilePCFromUContext failed with the following output:
Change Dir: /home/wangq/Maiter-1/bin/release/CMakeFiles/CMakeTmp

Run Build Command:/usr/bin/make "cmTryCompileExec3572513318/fast"
make[1]: Entering directory `/home/wangq/Maiter-1/bin/release/CMakeFiles/CMakeTmp'
/usr/bin/make -f CMakeFiles/cmTryCompileExec3572513318.dir/build.make CMakeFiles/cmTryCompileExec3572513318.dir/build
make[2]: Entering directory `/home/wangq/Maiter-1/bin/release/CMakeFiles/CMakeTmp'
/usr/bin/cmake -E cmake_progress_report /home/wangq/Maiter-1/bin/release/CMakeFiles/CMakeTmp/CMakeFiles 1
Building C object CMakeFiles/cmTryCompileExec3572513318.dir/src.c.o
/usr/bin/cc   -DCompilePCFromUContext   -o CMakeFiles/cmTryCompileExec3572513318.dir/src.c.o   -c /home/wangq/Maiter-1/bin/release/CMakeFiles/CMakeTmp/src.c
/home/wangq/Maiter-1/bin/release/CMakeFiles/CMakeTmp/src.c: In function 'main':
/home/wangq/Maiter-1/bin/release/CMakeFiles/CMakeTmp/src.c:8:34: error: 'REG_EIP' undeclared (first use in this function)
     return ctx.uc_mcontext.gregs[REG_EIP] == 0;
                                  ^
/home/wangq/Maiter-1/bin/release/CMakeFiles/CMakeTmp/src.c:8:34: note: each undeclared identifier is reported only once for each function it appears in
make[2]: Leaving directory `/home/wangq/Maiter-1/bin/release/CMakeFiles/CMakeTmp'
make[2]: *** [CMakeFiles/cmTryCompileExec3572513318.dir/src.c.o] Error 1
make[1]: *** [cmTryCompileExec3572513318/fast] Error 2
make[1]: Leaving directory `/home/wangq/Maiter-1/bin/release/CMakeFiles/CMakeTmp'

Source file was:

  #define _GNU_SOURCE 1
  
#include <ucontext.h>
#include <sys/ucontext.h>
  int main(int argc, char** argv) {
    ucontext_t ctx;
    return ctx.uc_mcontext.gregs[REG_EIP] == 0;
  }
Performing C SOURCE FILE Test CompilePCFromUContext failed with the following output:
Change Dir: /home/wangq/Maiter-1/bin/release/CMakeFiles/CMakeTmp

Run Build Command:/usr/bin/make "cmTryCompileExec4188300152/fast"
make[1]: Entering directory `/home/wangq/Maiter-1/bin/release/CMakeFiles/CMakeTmp'
/usr/bin/make -f CMakeFiles/cmTryCompileExec4188300152.dir/build.make CMakeFiles/cmTryCompileExec4188300152.dir/build
make[2]: Entering directory `/home/wangq/Maiter-1/bin/release/CMakeFiles/CMakeTmp'
/usr/bin/cmake -E cmake_progress_report /home/wangq/Maiter-1/bin/release/CMakeFiles/CMakeTmp/CMakeFiles 1
Building C object CMakeFiles/cmTryCompileExec4188300152.dir/src.c.o
/usr/bin/cc   -DCompilePCFromUContext   -o CMakeFiles/cmTryCompileExec4188300152.dir/src.c.o   -c /home/wangq/Maiter-1/bin/release/CMakeFiles/CMakeTmp/src.c
/home/wangq/Maiter-1/bin/release/CMakeFiles/CMakeTmp/src.c: In function 'main':
/home/wangq/Maiter-1/bin/release/CMakeFiles/CMakeTmp/src.c:8:34: error: 'REG_EIP' undeclared (first use in this function)
     return ctx.uc_mcontext.gregs[REG_EIP] == 0;
                                  ^
/home/wangq/Maiter-1/bin/release/CMakeFiles/CMakeTmp/src.c:8:34: note: each undeclared identifier is reported only once for each function it appears in
make[2]: *** [CMakeFiles/cmTryCompileExec4188300152.dir/src.c.o] Error 1
make[2]: Leaving directory `/home/wangq/Maiter-1/bin/release/CMakeFiles/CMakeTmp'
make[1]: *** [cmTryCompileExec4188300152/fast] Error 2
make[1]: Leaving directory `/home/wangq/Maiter-1/bin/release/CMakeFiles/CMakeTmp'

Source file was:

  #define _GNU_SOURCE 1
  
#include <ucontext.h>
#include <sys/ucontext.h>
  int main(int argc, char** argv) {
    ucontext_t ctx;
    return ctx.uc_mcontext.gregs[REG_EIP] == 0;
  }
Performing C SOURCE FILE Test CompilePCFromUContext failed with the following output:
Change Dir: /home/wangq/Maiter-1/bin/release/CMakeFiles/CMakeTmp

Run Build Command:/usr/bin/make "cmTryCompileExec4020181249/fast"
make[1]: Entering directory `/home/wangq/Maiter-1/bin/release/CMakeFiles/CMakeTmp'
/usr/bin/make -f CMakeFiles/cmTryCompileExec4020181249.dir/build.make CMakeFiles/cmTryCompileExec4020181249.dir/build
make[2]: Entering directory `/home/wangq/Maiter-1/bin/release/CMakeFiles/CMakeTmp'
/usr/bin/cmake -E cmake_progress_report /home/wangq/Maiter-1/bin/release/CMakeFiles/CMakeTmp/CMakeFiles 1
Building C object CMakeFiles/cmTryCompileExec4020181249.dir/src.c.o
/usr/bin/cc   -DCompilePCFromUContext   -o CMakeFiles/cmTryCompileExec4020181249.dir/src.c.o   -c /home/wangq/Maiter-1/bin/release/CMakeFiles/CMakeTmp/src.c
/home/wangq/Maiter-1/bin/release/CMakeFiles/CMakeTmp/src.c: In function 'main':
/home/wangq/Maiter-1/bin/release/CMakeFiles/CMakeTmp/src.c:8:34: error: 'REG_EIP' undeclared (first use in this function)
     return ctx.uc_mcontext.gregs[REG_EIP] == 0;
                                  ^
/home/wangq/Maiter-1/bin/release/CMakeFiles/CMakeTmp/src.c:8:34: note: each undeclared identifier is reported only once for each function it appears in
make[2]: *** [CMakeFiles/cmTryCompileExec4020181249.dir/src.c.o] Error 1
make[2]: Leaving directory `/home/wangq/Maiter-1/bin/release/CMakeFiles/CMakeTmp'
make[1]: *** [cmTryCompileExec4020181249/fast] Error 2
make[1]: Leaving directory `/home/wangq/Maiter-1/bin/release/CMakeFiles/CMakeTmp'

Source file was:

  #define _GNU_SOURCE 1
  
#include <ucontext.h>
#include <sys/ucontext.h>
  int main(int argc, char** argv) {
    ucontext_t ctx;
    return ctx.uc_mcontext.gregs[REG_EIP] == 0;
  }
Performing C SOURCE FILE Test CompilePCFromUContext failed with the following output:
Change Dir: /home/wangq/Maiter-1/bin/release/CMakeFiles/CMakeTmp

Run Build Command:/usr/bin/make "cmTryCompileExec895629868/fast"
make[1]: Entering directory `/home/wangq/Maiter-1/bin/release/CMakeFiles/CMakeTmp'
/usr/bin/make -f CMakeFiles/cmTryCompileExec895629868.dir/build.make CMakeFiles/cmTryCompileExec895629868.dir/build
make[2]: Entering directory `/home/wangq/Maiter-1/bin/release/CMakeFiles/CMakeTmp'
/usr/bin/cmake -E cmake_progress_report /home/wangq/Maiter-1/bin/release/CMakeFiles/CMakeTmp/CMakeFiles 1
Building C object CMakeFiles/cmTryCompileExec895629868.dir/src.c.o
/usr/bin/cc   -DCompilePCFromUContext   -o CMakeFiles/cmTryCompileExec895629868.dir/src.c.o   -c /home/wangq/Maiter-1/bin/release/CMakeFiles/CMakeTmp/src.c
/home/wangq/Maiter-1/bin/release/CMakeFiles/CMakeTmp/src.c: In function 'main':
/home/wangq/Maiter-1/bin/release/CMakeFiles/CMakeTmp/src.c:8:34: error: 'REG_EIP' undeclared (first use in this function)
     return ctx.uc_mcontext.gregs[REG_EIP] == 0;
                                  ^
/home/wangq/Maiter-1/bin/release/CMakeFiles/CMakeTmp/src.c:8:34: note: each undeclared identifier is reported only once for each function it appears in
make[2]: Leaving directory `/home/wangq/Maiter-1/bin/release/CMakeFiles/CMakeTmp'
make[1]: Leaving directory `/home/wangq/Maiter-1/bin/release/CMakeFiles/CMakeTmp'
make[2]: *** [CMakeFiles/cmTryCompileExec895629868.dir/src.c.o] Error 1
make[1]: *** [cmTryCompileExec895629868/fast] Error 2

Source file was:

  #define _GNU_SOURCE 1
  
#include <ucontext.h>
#include <sys/ucontext.h>
  int main(int argc, char** argv) {
    ucontext_t ctx;
    return ctx.uc_mcontext.gregs[REG_EIP] == 0;
  }
Performing C SOURCE FILE Test CompilePCFromUContext failed with the following output:
Change Dir: /home/wangq/Maiter-1/bin/release/CMakeFiles/CMakeTmp

Run Build Command:/usr/bin/make "cmTryCompileExec16319238/fast"
make[1]: Entering directory `/home/wangq/Maiter-1/bin/release/CMakeFiles/CMakeTmp'
/usr/bin/make -f CMakeFiles/cmTryCompileExec16319238.dir/build.make CMakeFiles/cmTryCompileExec16319238.dir/build
make[2]: Entering directory `/home/wangq/Maiter-1/bin/release/CMakeFiles/CMakeTmp'
/usr/bin/cmake -E cmake_progress_report /home/wangq/Maiter-1/bin/release/CMakeFiles/CMakeTmp/CMakeFiles 1
Building C object CMakeFiles/cmTryCompileExec16319238.dir/src.c.o
/usr/bin/cc   -DCompilePCFromUContext   -o CMakeFiles/cmTryCompileExec16319238.dir/src.c.o   -c /home/wangq/Maiter-1/bin/release/CMakeFiles/CMakeTmp/src.c
/home/wangq/Maiter-1/bin/release/CMakeFiles/CMakeTmp/src.c: In function 'main':
make[2]: Leaving directory `/home/wangq/Maiter-1/bin/release/CMakeFiles/CMakeTmp'
/home/wangq/Maiter-1/bin/release/CMakeFiles/CMakeTmp/src.c:8:34: error: 'REG_EIP' undeclared (first use in this function)
     return ctx.uc_mcontext.gregs[REG_EIP] == 0;
                                  ^
/home/wangq/Maiter-1/bin/release/CMakeFiles/CMakeTmp/src.c:8:34: note: each undeclared identifier is reported only once for each function it appears in
make[2]: *** [CMakeFiles/cmTryCompileExec16319238.dir/src.c.o] Error 1
make[1]: Leaving directory `/home/wangq/Maiter-1/bin/release/CMakeFiles/CMakeTmp'
make[1]: *** [cmTryCompileExec16319238/fast] Error 2

Source file was:

  #define _GNU_SOURCE 1
  
#include <ucontext.h>
#include <sys/ucontext.h>
  int main(int argc, char** argv) {
    ucontext_t ctx;
    return ctx.uc_mcontext.gregs[REG_EIP] == 0;
  }
Performing C SOURCE FILE Test CompilePCFromUContext failed with the following output:
Change Dir: /home/wangq/Maiter-1/bin/release/CMakeFiles/CMakeTmp

Run Build Command:/usr/bin/make "cmTryCompileExec2195951898/fast"
make[1]: Entering directory `/home/wangq/Maiter-1/bin/release/CMakeFiles/CMakeTmp'
/usr/bin/make -f CMakeFiles/cmTryCompileExec2195951898.dir/build.make CMakeFiles/cmTryCompileExec2195951898.dir/build
make[2]: Entering directory `/home/wangq/Maiter-1/bin/release/CMakeFiles/CMakeTmp'
/usr/bin/cmake -E cmake_progress_report /home/wangq/Maiter-1/bin/release/CMakeFiles/CMakeTmp/CMakeFiles 1
Building C object CMakeFiles/cmTryCompileExec2195951898.dir/src.c.o
/usr/bin/cc   -DCompilePCFromUContext   -o CMakeFiles/cmTryCompileExec2195951898.dir/src.c.o   -c /home/wangq/Maiter-1/bin/release/CMakeFiles/CMakeTmp/src.c
/home/wangq/Maiter-1/bin/release/CMakeFiles/CMakeTmp/src.c: In function 'main':
/home/wangq/Maiter-1/bin/release/CMakeFiles/CMakeTmp/src.c:8:34: error: 'REG_EIP' undeclared (first use in this function)
     return ctx.uc_mcontext.gregs[REG_EIP] == 0;
                                  ^
/home/wangq/Maiter-1/bin/release/CMakeFiles/CMakeTmp/src.c:8:34: note: each undeclared identifier is reported only once for each function it appears in
make[2]: *** [CMakeFiles/cmTryCompileExec2195951898.dir/src.c.o] Error 1
make[2]: Leaving directory `/home/wangq/Maiter-1/bin/release/CMakeFiles/CMakeTmp'
make[1]: *** [cmTryCompileExec2195951898/fast] Error 2
make[1]: Leaving directory `/home/wangq/Maiter-1/bin/release/CMakeFiles/CMakeTmp'

Source file was:

  #define _GNU_SOURCE 1
  
#include <ucontext.h>
#include <sys/ucontext.h>
  int main(int argc, char** argv) {
    ucontext_t ctx;
    return ctx.uc_mcontext.gregs[REG_EIP] == 0;
  }
Performing C SOURCE FILE Test CompilePCFromUContext failed with the following output:
Change Dir: /home/wangq/Maiter-1/bin/release/CMakeFiles/CMakeTmp

Run Build Command:/usr/bin/make "cmTryCompileExec2679854329/fast"
make[1]: Entering directory `/home/wangq/Maiter-1/bin/release/CMakeFiles/CMakeTmp'
/usr/bin/make -f CMakeFiles/cmTryCompileExec2679854329.dir/build.make CMakeFiles/cmTryCompileExec2679854329.dir/build
make[2]: Entering directory `/home/wangq/Maiter-1/bin/release/CMakeFiles/CMakeTmp'
/usr/bin/cmake -E cmake_progress_report /home/wangq/Maiter-1/bin/release/CMakeFiles/CMakeTmp/CMakeFiles 1
Building C object CMakeFiles/cmTryCompileExec2679854329.dir/src.c.o
/usr/bin/cc   -DCompilePCFromUContext   -o CMakeFiles/cmTryCompileExec2679854329.dir/src.c.o   -c /home/wangq/Maiter-1/bin/release/CMakeFiles/CMakeTmp/src.c
/home/wangq/Maiter-1/bin/release/CMakeFiles/CMakeTmp/src.c: In function 'main':
/home/wangq/Maiter-1/bin/release/CMakeFiles/CMakeTmp/src.c:8:34: error: 'REG_EIP' undeclared (first use in this function)
     return ctx.uc_mcontext.gregs[REG_EIP] == 0;
                                  ^
/home/wangq/Maiter-1/bin/release/CMakeFiles/CMakeTmp/src.c:8:34: note: each undeclared identifier is reported only once for each function it appears in
make[2]: *** [CMakeFiles/cmTryCompileExec2679854329.dir/src.c.o] Error 1
make[2]: Leaving directory `/home/wangq/Maiter-1/bin/release/CMakeFiles/CMakeTmp'
make[1]: *** [cmTryCompileExec2679854329/fast] Error 2
make[1]: Leaving directory `/home/wangq/Maiter-1/bin/release/CMakeFiles/CMakeTmp'

Source file was:

  #define _GNU_SOURCE 1
  
#include <ucontext.h>
#include <sys/ucontext.h>
  int main(int argc, char** argv) {
    ucontext_t ctx;
    return ctx.uc_mcontext.gregs[REG_EIP] == 0;
  }
Performing C SOURCE FILE Test CompilePCFromUContext failed with the following output:
Change Dir: /home/wangq/Maiter-1/bin/release/CMakeFiles/CMakeTmp

Run Build Command:/usr/bin/make "cmTryCompileExec1375110997/fast"
make[1]: Entering directory `/home/wangq/Maiter-1/bin/release/CMakeFiles/CMakeTmp'
/usr/bin/make -f CMakeFiles/cmTryCompileExec1375110997.dir/build.make CMakeFiles/cmTryCompileExec1375110997.dir/build
make[2]: Entering directory `/home/wangq/Maiter-1/bin/release/CMakeFiles/CMakeTmp'
/usr/bin/cmake -E cmake_progress_report /home/wangq/Maiter-1/bin/release/CMakeFiles/CMakeTmp/CMakeFiles 1
Building C object CMakeFiles/cmTryCompileExec1375110997.dir/src.c.o
/usr/bin/cc   -DCompilePCFromUContext   -o CMakeFiles/cmTryCompileExec1375110997.dir/src.c.o   -c /home/wangq/Maiter-1/bin/release/CMakeFiles/CMakeTmp/src.c
/home/wangq/Maiter-1/bin/release/CMakeFiles/CMakeTmp/src.c: In function 'main':
/home/wangq/Maiter-1/bin/release/CMakeFiles/CMakeTmp/src.c:8:34: error: 'REG_EIP' undeclared (first use in this function)
     return ctx.uc_mcontext.gregs[REG_EIP] == 0;
                                  ^
/home/wangq/Maiter-1/bin/release/CMakeFiles/CMakeTmp/src.c:8:34: note: each undeclared identifier is reported only once for each function it appears in
make[2]: Leaving directory `/home/wangq/Maiter-1/bin/release/CMakeFiles/CMakeTmp'
make[2]: *** [CMakeFiles/cmTryCompileExec1375110997.dir/src.c.o] Error 1
make[1]: *** [cmTryCompileExec1375110997/fast] Error 2
make[1]: Leaving directory `/home/wangq/Maiter-1/bin/release/CMakeFiles/CMakeTmp'

Source file was:

  #define _GNU_SOURCE 1
  
#include <ucontext.h>
#include <sys/ucontext.h>
  int main(int argc, char** argv) {
    ucontext_t ctx;
    return ctx.uc_mcontext.gregs[REG_EIP] == 0;
  }
Performing C SOURCE FILE Test CompilePCFromUContext failed with the following output:
Change Dir: /home/wangq/Maiter-1/bin/release/CMakeFiles/CMakeTmp

Run Build Command:/usr/bin/make "cmTryCompileExec1059723367/fast"
make[1]: Entering directory `/home/wangq/Maiter-1/bin/release/CMakeFiles/CMakeTmp'
/usr/bin/make -f CMakeFiles/cmTryCompileExec1059723367.dir/build.make CMakeFiles/cmTryCompileExec1059723367.dir/build
make[2]: Entering directory `/home/wangq/Maiter-1/bin/release/CMakeFiles/CMakeTmp'
/usr/bin/cmake -E cmake_progress_report /home/wangq/Maiter-1/bin/release/CMakeFiles/CMakeTmp/CMakeFiles 1
Building C object CMakeFiles/cmTryCompileExec1059723367.dir/src.c.o
/usr/bin/cc   -DCompilePCFromUContext   -o CMakeFiles/cmTryCompileExec1059723367.dir/src.c.o   -c /home/wangq/Maiter-1/bin/release/CMakeFiles/CMakeTmp/src.c
/home/wangq/Maiter-1/bin/release/CMakeFiles/CMakeTmp/src.c: In function 'main':
/home/wangq/Maiter-1/bin/release/CMakeFiles/CMakeTmp/src.c:8:34: error: 'REG_EIP' undeclared (first use in this function)
     return ctx.uc_mcontext.gregs[REG_EIP] == 0;
                                  ^
/home/wangq/Maiter-1/bin/release/CMakeFiles/CMakeTmp/src.c:8:34: note: each undeclared identifier is reported only once for each function it appears in
make[2]: *** [CMakeFiles/cmTryCompileExec1059723367.dir/src.c.o] Error 1
make[2]: Leaving directory `/home/wangq/Maiter-1/bin/release/CMakeFiles/CMakeTmp'
make[1]: *** [cmTryCompileExec1059723367/fast] Error 2
make[1]: Leaving directory `/home/wangq/Maiter-1/bin/release/CMakeFiles/CMakeTmp'

Source file was:

  #define _GNU_SOURCE 1
  
#include <ucontext.h>
#include <sys/ucontext.h>
  int main(int argc, char** argv) {
    ucontext_t ctx;
    return ctx.uc_mcontext.gregs[REG_EIP] == 0;
  }
Performing C SOURCE FILE Test CompilePCFromUContext failed with the following output:
Change Dir: /home/wangq/Maiter-1/bin/release/CMakeFiles/CMakeTmp

Run Build Command:/usr/bin/make "cmTryCompileExec295743449/fast"
make[1]: Entering directory `/home/wangq/Maiter-1/bin/release/CMakeFiles/CMakeTmp'
/usr/bin/make -f CMakeFiles/cmTryCompileExec295743449.dir/build.make CMakeFiles/cmTryCompileExec295743449.dir/build
make[2]: Entering directory `/home/wangq/Maiter-1/bin/release/CMakeFiles/CMakeTmp'
/usr/bin/cmake -E cmake_progress_report /home/wangq/Maiter-1/bin/release/CMakeFiles/CMakeTmp/CMakeFiles 1
Building C object CMakeFiles/cmTryCompileExec295743449.dir/src.c.o
/usr/bin/cc   -DCompilePCFromUContext   -o CMakeFiles/cmTryCompileExec295743449.dir/src.c.o   -c /home/wangq/Maiter-1/bin/release/CMakeFiles/CMakeTmp/src.c
/home/wangq/Maiter-1/bin/release/CMakeFiles/CMakeTmp/src.c: In function 'main':
/home/wangq/Maiter-1/bin/release/CMakeFiles/CMakeTmp/src.c:8:34: error: 'REG_EIP' undeclared (first use in this function)
     return ctx.uc_mcontext.gregs[REG_EIP] == 0;
                                  ^
/home/wangq/Maiter-1/bin/release/CMakeFiles/CMakeTmp/src.c:8:34: note: each undeclared identifier is reported only once for each function it appears in
make[2]: Leaving directory `/home/wangq/Maiter-1/bin/release/CMakeFiles/CMakeTmp'
make[2]: *** [CMakeFiles/cmTryCompileExec295743449.dir/src.c.o] Error 1
make[1]: Leaving directory `/home/wangq/Maiter-1/bin/release/CMakeFiles/CMakeTmp'
make[1]: *** [cmTryCompileExec295743449/fast] Error 2

Source file was:

  #define _GNU_SOURCE 1
  
#include <ucontext.h>
#include <sys/ucontext.h>
  int main(int argc, char** argv) {
    ucontext_t ctx;
    return ctx.uc_mcontext.gregs[REG_EIP] == 0;
  }
Performing C SOURCE FILE Test CompilePCFromUContext failed with the following output:
Change Dir: /home/wangq/Maiter-1/bin/release/CMakeFiles/CMakeTmp

Run Build Command:/usr/bin/make "cmTryCompileExec551039319/fast"
make[1]: Entering directory `/home/wangq/Maiter-1/bin/release/CMakeFiles/CMakeTmp'
/usr/bin/make -f CMakeFiles/cmTryCompileExec551039319.dir/build.make CMakeFiles/cmTryCompileExec551039319.dir/build
make[2]: Entering directory `/home/wangq/Maiter-1/bin/release/CMakeFiles/CMakeTmp'
/usr/bin/cmake -E cmake_progress_report /home/wangq/Maiter-1/bin/release/CMakeFiles/CMakeTmp/CMakeFiles 1
Building C object CMakeFiles/cmTryCompileExec551039319.dir/src.c.o
/usr/bin/cc   -DCompilePCFromUContext   -o CMakeFiles/cmTryCompileExec551039319.dir/src.c.o   -c /home/wangq/Maiter-1/bin/release/CMakeFiles/CMakeTmp/src.c
/home/wangq/Maiter-1/bin/release/CMakeFiles/CMakeTmp/src.c: In function 'main':
/home/wangq/Maiter-1/bin/release/CMakeFiles/CMakeTmp/src.c:8:34: error: 'REG_EIP' undeclared (first use in this function)
     return ctx.uc_mcontext.gregs[REG_EIP] == 0;
                                  ^
/home/wangq/Maiter-1/bin/release/CMakeFiles/CMakeTmp/src.c:8:34: note: each undeclared identifier is reported only once for each function it appears in
make[2]: *** [CMakeFiles/cmTryCompileExec551039319.dir/src.c.o] Error 1
make[2]: Leaving directory `/home/wangq/Maiter-1/bin/release/CMakeFiles/CMakeTmp'
make[1]: *** [cmTryCompileExec551039319/fast] Error 2
make[1]: Leaving directory `/home/wangq/Maiter-1/bin/release/CMakeFiles/CMakeTmp'

Source file was:

  #define _GNU_SOURCE 1
  
#include <ucontext.h>
#include <sys/ucontext.h>
  int main(int argc, char** argv) {
    ucontext_t ctx;
    return ctx.uc_mcontext.gregs[REG_EIP] == 0;
  }
Performing C SOURCE FILE Test CompilePCFromUContext failed with the following output:
Change Dir: /home/wangq/Maiter-1/bin/release/CMakeFiles/CMakeTmp

Run Build Command:/usr/bin/make "cmTryCompileExec1162508830/fast"
make[1]: Entering directory `/home/wangq/Maiter-1/bin/release/CMakeFiles/CMakeTmp'
/usr/bin/make -f CMakeFiles/cmTryCompileExec1162508830.dir/build.make CMakeFiles/cmTryCompileExec1162508830.dir/build
make[2]: Entering directory `/home/wangq/Maiter-1/bin/release/CMakeFiles/CMakeTmp'
/usr/bin/cmake -E cmake_progress_report /home/wangq/Maiter-1/bin/release/CMakeFiles/CMakeTmp/CMakeFiles 1
Building C object CMakeFiles/cmTryCompileExec1162508830.dir/src.c.o
/usr/bin/cc   -DCompilePCFromUContext   -o CMakeFiles/cmTryCompileExec1162508830.dir/src.c.o   -c /home/wangq/Maiter-1/bin/release/CMakeFiles/CMakeTmp/src.c
/home/wangq/Maiter-1/bin/release/CMakeFiles/CMakeTmp/src.c: In function 'main':
/home/wangq/Maiter-1/bin/release/CMakeFiles/CMakeTmp/src.c:8:34: error: 'REG_EIP' undeclared (first use in this function)
     return ctx.uc_mcontext.gregs[REG_EIP] == 0;
                                  ^
/home/wangq/Maiter-1/bin/release/CMakeFiles/CMakeTmp/src.c:8:34: note: each undeclared identifier is reported only once for each function it appears in
make[2]: *** [CMakeFiles/cmTryCompileExec1162508830.dir/src.c.o] Error 1
make[2]: Leaving directory `/home/wangq/Maiter-1/bin/release/CMakeFiles/CMakeTmp'
make[1]: Leaving directory `/home/wangq/Maiter-1/bin/release/CMakeFiles/CMakeTmp'
make[1]: *** [cmTryCompileExec1162508830/fast] Error 2

Source file was:

  #define _GNU_SOURCE 1
  
#include <ucontext.h>
#include <sys/ucontext.h>
  int main(int argc, char** argv) {
    ucontext_t ctx;
    return ctx.uc_mcontext.gregs[REG_EIP] == 0;
  }
Performing C SOURCE FILE Test CompilePCFromUContext failed with the following output:
Change Dir: /home/wangq/Maiter-1/bin/release/CMakeFiles/CMakeTmp

Run Build Command:/usr/bin/make "cmTryCompileExec1387553108/fast"
make[1]: Entering directory `/home/wangq/Maiter-1/bin/release/CMakeFiles/CMakeTmp'
/usr/bin/make -f CMakeFiles/cmTryCompileExec1387553108.dir/build.make CMakeFiles/cmTryCompileExec1387553108.dir/build
make[2]: Entering directory `/home/wangq/Maiter-1/bin/release/CMakeFiles/CMakeTmp'
/usr/bin/cmake -E cmake_progress_report /home/wangq/Maiter-1/bin/release/CMakeFiles/CMakeTmp/CMakeFiles 1
Building C object CMakeFiles/cmTryCompileExec1387553108.dir/src.c.o
/usr/bin/cc   -DCompilePCFromUContext   -o CMakeFiles/cmTryCompileExec1387553108.dir/src.c.o   -c /home/wangq/Maiter-1/bin/release/CMakeFiles/CMakeTmp/src.c
/home/wangq/Maiter-1/bin/release/CMakeFiles/CMakeTmp/src.c: In function 'main':
/home/wangq/Maiter-1/bin/release/CMakeFiles/CMakeTmp/src.c:8:34: error: 'REG_EIP' undeclared (first use in this function)
     return ctx.uc_mcontext.gregs[REG_EIP] == 0;
                                  ^
/home/wangq/Maiter-1/bin/release/CMakeFiles/CMakeTmp/src.c:8:34: note: each undeclared identifier is reported only once for each function it appears in
make[2]: *** [CMakeFiles/cmTryCompileExec1387553108.dir/src.c.o] Error 1
make[2]: Leaving directory `/home/wangq/Maiter-1/bin/release/CMakeFiles/CMakeTmp'
make[1]: *** [cmTryCompileExec1387553108/fast] Error 2
make[1]: Leaving directory `/home/wangq/Maiter-1/bin/release/CMakeFiles/CMakeTmp'

Source file was:

  #define _GNU_SOURCE 1
  
#include <ucontext.h>
#include <sys/ucontext.h>
  int main(int argc, char** argv) {
    ucontext_t ctx;
    return ctx.uc_mcontext.gregs[REG_EIP] == 0;
  }
Performing C SOURCE FILE Test CompilePCFromUContext failed with the following output:
Change Dir: /home/wangq/Maiter-1/bin/release/CMakeFiles/CMakeTmp

Run Build Command:/usr/bin/make "cmTryCompileExec1543053756/fast"
make[1]: Entering directory `/home/wangq/Maiter-1/bin/release/CMakeFiles/CMakeTmp'
/usr/bin/make -f CMakeFiles/cmTryCompileExec1543053756.dir/build.make CMakeFiles/cmTryCompileExec1543053756.dir/build
make[2]: Entering directory `/home/wangq/Maiter-1/bin/release/CMakeFiles/CMakeTmp'
/usr/bin/cmake -E cmake_progress_report /home/wangq/Maiter-1/bin/release/CMakeFiles/CMakeTmp/CMakeFiles 1
Building C object CMakeFiles/cmTryCompileExec1543053756.dir/src.c.o
/usr/bin/cc   -DCompilePCFromUContext   -o CMakeFiles/cmTryCompileExec1543053756.dir/src.c.o   -c /home/wangq/Maiter-1/bin/release/CMakeFiles/CMakeTmp/src.c
/home/wangq/Maiter-1/bin/release/CMakeFiles/CMakeTmp/src.c: In function 'main':
/home/wangq/Maiter-1/bin/release/CMakeFiles/CMakeTmp/src.c:8:34: error: 'REG_EIP' undeclared (first use in this function)
     return ctx.uc_mcontext.gregs[REG_EIP] == 0;
                                  ^
/home/wangq/Maiter-1/bin/release/CMakeFiles/CMakeTmp/src.c:8:34: note: each undeclared identifier is reported only once for each function it appears in
make[2]: *** [CMakeFiles/cmTryCompileExec1543053756.dir/src.c.o] Error 1
make[2]: Leaving directory `/home/wangq/Maiter-1/bin/release/CMakeFiles/CMakeTmp'
make[1]: Leaving directory `/home/wangq/Maiter-1/bin/release/CMakeFiles/CMakeTmp'
make[1]: *** [cmTryCompileExec1543053756/fast] Error 2

Source file was:

  #define _GNU_SOURCE 1
  
#include <ucontext.h>
#include <sys/ucontext.h>
  int main(int argc, char** argv) {
    ucontext_t ctx;
    return ctx.uc_mcontext.gregs[REG_EIP] == 0;
  }
